<!DOCTYPE html PUBLIC "-//W3C//DTD XHTML 1.1//EN" "http://www.w3.org/TR/xhtml11/DTD/xhtml11.dtd">
<html xmlns="http://www.w3.org/1999/xhtml">
<head>
<meta http-equiv="content-type" content="text/html; charset=UTF-8"/>
<title>TestNG Report</title>
<style type="text/css">table {margin-bottom:10px;border-collapse:collapse;empty-cells:show}th,td {border:1px solid #009;padding:.25em .5em}th {vertical-align:bottom}td {vertical-align:top}table a {font-weight:bold}.stripe td {background-color: #E6EBF9}.num {text-align:right}.passedodd td {background-color: #3F3}.passedeven td {background-color: #0A0}.skippedodd td {background-color: #DDD}.skippedeven td {background-color: #CCC}.failedodd td,.attn {background-color: #F33}.failedeven td,.stripe .attn {background-color: #D00}.stacktrace {white-space:pre;font-family:monospace}.totop {font-size:85%;text-align:center;border-bottom:2px solid #000}.invisible {display:none}</style>
</head>
<body>
<table>
<tr><th>Test</th><th># Passed</th><th># Skipped</th><th># Failed</th><th>Time (ms)</th><th>Included Groups</th><th>Excluded Groups</th></tr>
<tr><th colspan="7">Suite</th></tr>
<tr><td><a href="#t0">Test</a></td><td class="num">0</td><td class="num attn">9</td><td class="num">0</td><td class="num">69</td><td></td><td></td></tr>
</table>
<table id='summary'><thead><tr><th>Class</th><th>Method</th><th>Start</th><th>Time (ms)</th></tr></thead><tbody><tr><th colspan="4">Suite</th></tr></tbody><tbody id="t0"><tr><th colspan="4">Test &#8212; failed (configuration methods)</th></tr><tr class="failedeven"><td rowspan="1">tests.CheckOutTC1</td><td><a href="#m0">StartDriver</a></td><td rowspan="1">1684781564575</td><td rowspan="1">35299</td></tr><tr><th colspan="4">Test &#8212; skipped (configuration methods)</th></tr><tr class="skippedeven"><td rowspan="1">tests.CheckOutTC1</td><td><a href="#m1">teardown</a></td><td rowspan="1">1684781600377</td><td rowspan="1">0</td></tr><tr><th colspan="4">Test &#8212; skipped</th></tr><tr class="skippedeven"><td rowspan="3">tests.CheckOutTC1</td><td><a href="#m2">Checkout</a></td><td rowspan="1">1684781599968</td><td rowspan="1">0</td></tr><tr class="skippedeven"><td><a href="#m3">Login</a></td><td rowspan="1">1684781599947</td><td rowspan="1">0</td></tr><tr class="skippedeven"><td><a href="#m4">addToCart</a></td><td rowspan="1">1684781599963</td><td rowspan="1">0</td></tr><tr class="skippedodd"><td rowspan="3">tests.CheckoutTC3</td><td><a href="#m5">Checkout</a></td><td rowspan="1">1684781599973</td><td rowspan="1">0</td></tr><tr class="skippedodd"><td><a href="#m6">Login</a></td><td rowspan="1">1684781599960</td><td rowspan="1">0</td></tr><tr class="skippedodd"><td><a href="#m7">addToCart</a></td><td rowspan="1">1684781599967</td><td rowspan="1">0</td></tr><tr class="skippedeven"><td rowspan="3">tests.ChekoutTC2</td><td><a href="#m8">Checkout</a></td><td rowspan="1">1684781599973</td><td rowspan="1">0</td></tr><tr class="skippedeven"><td><a href="#m9">Login</a></td><td rowspan="1">1684781599958</td><td rowspan="1">0</td></tr><tr class="skippedeven"><td><a href="#m10">addToCart</a></td><td rowspan="1">1684781599965</td><td rowspan="1">0</td></tr></tbody>
</table>
<h2>Test</h2><h3 id="m0">tests.CheckOutTC1#StartDriver</h3><table class="result"><tr><th>Exception</th></tr><tr><td><div class="stacktrace">org.openqa.selenium.WebDriverException: disconnected: received Inspector.detached event
  (failed to check if window was closed: disconnected: not connected to DevTools)
  (Session info: chrome=113.0.5672.127)
Build info: version: &apos;3.141.59&apos;, revision: &apos;e82be7d358&apos;, time: &apos;2018-11-14T08:17:03&apos;
System info: host: &apos;DESKTOP-RQA8NQN&apos;, ip: &apos;169.254.200.206&apos;, os.name: &apos;Windows 10&apos;, os.arch: &apos;amd64&apos;, os.version: &apos;10.0&apos;, java.version: &apos;17.0.1&apos;
Driver info: driver.version: ChromeDriver
remote stacktrace: Backtrace:
	GetHandleVerifier [0x008E8893+48451]
	(No symbol) [0x0087B8A1]
	(No symbol) [0x00785058]
	(No symbol) [0x0077924D]
	(No symbol) [0x00778DDD]
	(No symbol) [0x00778175]
	(No symbol) [0x0077810C]
	(No symbol) [0x00776D46]
	(No symbol) [0x007774A8]
	(No symbol) [0x007764C5]
	(No symbol) [0x00780E16]
	(No symbol) [0x007762F5]
	(No symbol) [0x00777E2A]
	(No symbol) [0x00776D46]
	(No symbol) [0x007774A8]
	(No symbol) [0x007764C5]
	(No symbol) [0x0077E676]
	(No symbol) [0x007762F5]
	(No symbol) [0x00777E2A]
	(No symbol) [0x00776D46]
	(No symbol) [0x007774A8]
	(No symbol) [0x007764C5]
	(No symbol) [0x0077C77B]
	(No symbol) [0x007762F5]
	(No symbol) [0x00777E2A]
	(No symbol) [0x00776D46]
	(No symbol) [0x007774A8]
	(No symbol) [0x007764C5]
	(No symbol) [0x00770BEF]
	(No symbol) [0x007762F5]
	(No symbol) [0x00775C9D]
	(No symbol) [0x0077597C]
	(No symbol) [0x007863F3]
	(No symbol) [0x0076C823]
	(No symbol) [0x0076BF15]
	(No symbol) [0x007D0853]
	(No symbol) [0x007D047C]
	(No symbol) [0x007CA0B6]
	(No symbol) [0x007A7E08]
	(No symbol) [0x007A8F2D]
	GetHandleVerifier [0x00B48E3A+2540266]
	GetHandleVerifier [0x00B88959+2801161]
	GetHandleVerifier [0x00B8295C+2776588]
	GetHandleVerifier [0x00972280+612144]
	(No symbol) [0x00884F6C]
	(No symbol) [0x008811D8]
	(No symbol) [0x008812BB]
	(No symbol) [0x00874857]
	BaseThreadInitThunk [0x76E26BA9+25]
	RtlGetFullPathName_UEx [0x77288F9F+1215]
	RtlGetFullPathName_UEx [0x77288F6D+1165]

	at org.openqa.selenium.remote.W3CHandshakeResponse.lambda$errorHandler$0(W3CHandshakeResponse.java:62)
	at org.openqa.selenium.remote.HandshakeResponse.lambda$getResponseFunction$0(HandshakeResponse.java:30)
	at org.openqa.selenium.remote.ProtocolHandshake.lambda$createSession$0(ProtocolHandshake.java:126)
	at java.base/java.util.stream.ReferencePipeline$3$1.accept(ReferencePipeline.java:197)
	at java.base/java.util.Spliterators$ArraySpliterator.tryAdvance(Spliterators.java:1002)
	at java.base/java.util.stream.ReferencePipeline.forEachWithCancel(ReferencePipeline.java:129)
	at java.base/java.util.stream.AbstractPipeline.copyIntoWithCancel(AbstractPipeline.java:527)
	at java.base/java.util.stream.AbstractPipeline.copyInto(AbstractPipeline.java:513)
	at java.base/java.util.stream.AbstractPipeline.wrapAndCopyInto(AbstractPipeline.java:499)
	at java.base/java.util.stream.FindOps$FindOp.evaluateSequential(FindOps.java:150)
	at java.base/java.util.stream.AbstractPipeline.evaluate(AbstractPipeline.java:234)
	at java.base/java.util.stream.ReferencePipeline.findFirst(ReferencePipeline.java:647)
	at org.openqa.selenium.remote.ProtocolHandshake.createSession(ProtocolHandshake.java:128)
	at org.openqa.selenium.remote.ProtocolHandshake.createSession(ProtocolHandshake.java:74)
	at org.openqa.selenium.remote.HttpCommandExecutor.execute(HttpCommandExecutor.java:136)
	at org.openqa.selenium.remote.service.DriverCommandExecutor.execute(DriverCommandExecutor.java:83)
	at org.openqa.selenium.remote.RemoteWebDriver.execute(RemoteWebDriver.java:552)
	at org.openqa.selenium.remote.RemoteWebDriver.startSession(RemoteWebDriver.java:213)
	at org.openqa.selenium.remote.RemoteWebDriver.&lt;init&gt;(RemoteWebDriver.java:131)
	at org.openqa.selenium.chrome.ChromeDriver.&lt;init&gt;(ChromeDriver.java:181)
	at org.openqa.selenium.chrome.ChromeDriver.&lt;init&gt;(ChromeDriver.java:168)
	at org.openqa.selenium.chrome.ChromeDriver.&lt;init&gt;(ChromeDriver.java:123)
	at tests.TestBase.StartDriver(TestBase.java:23)
... Removed 25 stack frames</div></td></tr></table><p class="totop"><a href="#summary">back to summary</a></p>
<h3 id="m1">tests.CheckOutTC1#teardown</h3><table class="result"><tr><th class="invisible"/></tr></table><p class="totop"><a href="#summary">back to summary</a></p>
<h3 id="m2">tests.CheckOutTC1#Checkout</h3><table class="result"><tr><th>Exception</th></tr><tr><td><div class="stacktrace">org.openqa.selenium.WebDriverException: disconnected: received Inspector.detached event
  (failed to check if window was closed: disconnected: not connected to DevTools)
  (Session info: chrome=113.0.5672.127)
Build info: version: &apos;3.141.59&apos;, revision: &apos;e82be7d358&apos;, time: &apos;2018-11-14T08:17:03&apos;
System info: host: &apos;DESKTOP-RQA8NQN&apos;, ip: &apos;169.254.200.206&apos;, os.name: &apos;Windows 10&apos;, os.arch: &apos;amd64&apos;, os.version: &apos;10.0&apos;, java.version: &apos;17.0.1&apos;
Driver info: driver.version: ChromeDriver
remote stacktrace: Backtrace:
	GetHandleVerifier [0x008E8893+48451]
	(No symbol) [0x0087B8A1]
	(No symbol) [0x00785058]
	(No symbol) [0x0077924D]
	(No symbol) [0x00778DDD]
	(No symbol) [0x00778175]
	(No symbol) [0x0077810C]
	(No symbol) [0x00776D46]
	(No symbol) [0x007774A8]
	(No symbol) [0x007764C5]
	(No symbol) [0x00780E16]
	(No symbol) [0x007762F5]
	(No symbol) [0x00777E2A]
	(No symbol) [0x00776D46]
	(No symbol) [0x007774A8]
	(No symbol) [0x007764C5]
	(No symbol) [0x0077E676]
	(No symbol) [0x007762F5]
	(No symbol) [0x00777E2A]
	(No symbol) [0x00776D46]
	(No symbol) [0x007774A8]
	(No symbol) [0x007764C5]
	(No symbol) [0x0077C77B]
	(No symbol) [0x007762F5]
	(No symbol) [0x00777E2A]
	(No symbol) [0x00776D46]
	(No symbol) [0x007774A8]
	(No symbol) [0x007764C5]
	(No symbol) [0x00770BEF]
	(No symbol) [0x007762F5]
	(No symbol) [0x00775C9D]
	(No symbol) [0x0077597C]
	(No symbol) [0x007863F3]
	(No symbol) [0x0076C823]
	(No symbol) [0x0076BF15]
	(No symbol) [0x007D0853]
	(No symbol) [0x007D047C]
	(No symbol) [0x007CA0B6]
	(No symbol) [0x007A7E08]
	(No symbol) [0x007A8F2D]
	GetHandleVerifier [0x00B48E3A+2540266]
	GetHandleVerifier [0x00B88959+2801161]
	GetHandleVerifier [0x00B8295C+2776588]
	GetHandleVerifier [0x00972280+612144]
	(No symbol) [0x00884F6C]
	(No symbol) [0x008811D8]
	(No symbol) [0x008812BB]
	(No symbol) [0x00874857]
	BaseThreadInitThunk [0x76E26BA9+25]
	RtlGetFullPathName_UEx [0x77288F9F+1215]
	RtlGetFullPathName_UEx [0x77288F6D+1165]

	at org.openqa.selenium.remote.W3CHandshakeResponse.lambda$errorHandler$0(W3CHandshakeResponse.java:62)
	at org.openqa.selenium.remote.HandshakeResponse.lambda$getResponseFunction$0(HandshakeResponse.java:30)
	at org.openqa.selenium.remote.ProtocolHandshake.lambda$createSession$0(ProtocolHandshake.java:126)
	at java.base/java.util.stream.ReferencePipeline$3$1.accept(ReferencePipeline.java:197)
	at java.base/java.util.Spliterators$ArraySpliterator.tryAdvance(Spliterators.java:1002)
	at java.base/java.util.stream.ReferencePipeline.forEachWithCancel(ReferencePipeline.java:129)
	at java.base/java.util.stream.AbstractPipeline.copyIntoWithCancel(AbstractPipeline.java:527)
	at java.base/java.util.stream.AbstractPipeline.copyInto(AbstractPipeline.java:513)
	at java.base/java.util.stream.AbstractPipeline.wrapAndCopyInto(AbstractPipeline.java:499)
	at java.base/java.util.stream.FindOps$FindOp.evaluateSequential(FindOps.java:150)
	at java.base/java.util.stream.AbstractPipeline.evaluate(AbstractPipeline.java:234)
	at java.base/java.util.stream.ReferencePipeline.findFirst(ReferencePipeline.java:647)
	at org.openqa.selenium.remote.ProtocolHandshake.createSession(ProtocolHandshake.java:128)
	at org.openqa.selenium.remote.ProtocolHandshake.createSession(ProtocolHandshake.java:74)
	at org.openqa.selenium.remote.HttpCommandExecutor.execute(HttpCommandExecutor.java:136)
	at org.openqa.selenium.remote.service.DriverCommandExecutor.execute(DriverCommandExecutor.java:83)
	at org.openqa.selenium.remote.RemoteWebDriver.execute(RemoteWebDriver.java:552)
	at org.openqa.selenium.remote.RemoteWebDriver.startSession(RemoteWebDriver.java:213)
	at org.openqa.selenium.remote.RemoteWebDriver.&lt;init&gt;(RemoteWebDriver.java:131)
	at org.openqa.selenium.chrome.ChromeDriver.&lt;init&gt;(ChromeDriver.java:181)
	at org.openqa.selenium.chrome.ChromeDriver.&lt;init&gt;(ChromeDriver.java:168)
	at org.openqa.selenium.chrome.ChromeDriver.&lt;init&gt;(ChromeDriver.java:123)
	at tests.TestBase.StartDriver(TestBase.java:23)
... Removed 25 stack frames</div></td></tr></table><p class="totop"><a href="#summary">back to summary</a></p>
<h3 id="m3">tests.CheckOutTC1#Login</h3><table class="result"><tr><th>Exception</th></tr><tr><td><div class="stacktrace">org.openqa.selenium.WebDriverException: disconnected: received Inspector.detached event
  (failed to check if window was closed: disconnected: not connected to DevTools)
  (Session info: chrome=113.0.5672.127)
Build info: version: &apos;3.141.59&apos;, revision: &apos;e82be7d358&apos;, time: &apos;2018-11-14T08:17:03&apos;
System info: host: &apos;DESKTOP-RQA8NQN&apos;, ip: &apos;169.254.200.206&apos;, os.name: &apos;Windows 10&apos;, os.arch: &apos;amd64&apos;, os.version: &apos;10.0&apos;, java.version: &apos;17.0.1&apos;
Driver info: driver.version: ChromeDriver
remote stacktrace: Backtrace:
	GetHandleVerifier [0x008E8893+48451]
	(No symbol) [0x0087B8A1]
	(No symbol) [0x00785058]
	(No symbol) [0x0077924D]
	(No symbol) [0x00778DDD]
	(No symbol) [0x00778175]
	(No symbol) [0x0077810C]
	(No symbol) [0x00776D46]
	(No symbol) [0x007774A8]
	(No symbol) [0x007764C5]
	(No symbol) [0x00780E16]
	(No symbol) [0x007762F5]
	(No symbol) [0x00777E2A]
	(No symbol) [0x00776D46]
	(No symbol) [0x007774A8]
	(No symbol) [0x007764C5]
	(No symbol) [0x0077E676]
	(No symbol) [0x007762F5]
	(No symbol) [0x00777E2A]
	(No symbol) [0x00776D46]
	(No symbol) [0x007774A8]
	(No symbol) [0x007764C5]
	(No symbol) [0x0077C77B]
	(No symbol) [0x007762F5]
	(No symbol) [0x00777E2A]
	(No symbol) [0x00776D46]
	(No symbol) [0x007774A8]
	(No symbol) [0x007764C5]
	(No symbol) [0x00770BEF]
	(No symbol) [0x007762F5]
	(No symbol) [0x00775C9D]
	(No symbol) [0x0077597C]
	(No symbol) [0x007863F3]
	(No symbol) [0x0076C823]
	(No symbol) [0x0076BF15]
	(No symbol) [0x007D0853]
	(No symbol) [0x007D047C]
	(No symbol) [0x007CA0B6]
	(No symbol) [0x007A7E08]
	(No symbol) [0x007A8F2D]
	GetHandleVerifier [0x00B48E3A+2540266]
	GetHandleVerifier [0x00B88959+2801161]
	GetHandleVerifier [0x00B8295C+2776588]
	GetHandleVerifier [0x00972280+612144]
	(No symbol) [0x00884F6C]
	(No symbol) [0x008811D8]
	(No symbol) [0x008812BB]
	(No symbol) [0x00874857]
	BaseThreadInitThunk [0x76E26BA9+25]
	RtlGetFullPathName_UEx [0x77288F9F+1215]
	RtlGetFullPathName_UEx [0x77288F6D+1165]

	at org.openqa.selenium.remote.W3CHandshakeResponse.lambda$errorHandler$0(W3CHandshakeResponse.java:62)
	at org.openqa.selenium.remote.HandshakeResponse.lambda$getResponseFunction$0(HandshakeResponse.java:30)
	at org.openqa.selenium.remote.ProtocolHandshake.lambda$createSession$0(ProtocolHandshake.java:126)
	at java.base/java.util.stream.ReferencePipeline$3$1.accept(ReferencePipeline.java:197)
	at java.base/java.util.Spliterators$ArraySpliterator.tryAdvance(Spliterators.java:1002)
	at java.base/java.util.stream.ReferencePipeline.forEachWithCancel(ReferencePipeline.java:129)
	at java.base/java.util.stream.AbstractPipeline.copyIntoWithCancel(AbstractPipeline.java:527)
	at java.base/java.util.stream.AbstractPipeline.copyInto(AbstractPipeline.java:513)
	at java.base/java.util.stream.AbstractPipeline.wrapAndCopyInto(AbstractPipeline.java:499)
	at java.base/java.util.stream.FindOps$FindOp.evaluateSequential(FindOps.java:150)
	at java.base/java.util.stream.AbstractPipeline.evaluate(AbstractPipeline.java:234)
	at java.base/java.util.stream.ReferencePipeline.findFirst(ReferencePipeline.java:647)
	at org.openqa.selenium.remote.ProtocolHandshake.createSession(ProtocolHandshake.java:128)
	at org.openqa.selenium.remote.ProtocolHandshake.createSession(ProtocolHandshake.java:74)
	at org.openqa.selenium.remote.HttpCommandExecutor.execute(HttpCommandExecutor.java:136)
	at org.openqa.selenium.remote.service.DriverCommandExecutor.execute(DriverCommandExecutor.java:83)
	at org.openqa.selenium.remote.RemoteWebDriver.execute(RemoteWebDriver.java:552)
	at org.openqa.selenium.remote.RemoteWebDriver.startSession(RemoteWebDriver.java:213)
	at org.openqa.selenium.remote.RemoteWebDriver.&lt;init&gt;(RemoteWebDriver.java:131)
	at org.openqa.selenium.chrome.ChromeDriver.&lt;init&gt;(ChromeDriver.java:181)
	at org.openqa.selenium.chrome.ChromeDriver.&lt;init&gt;(ChromeDriver.java:168)
	at org.openqa.selenium.chrome.ChromeDriver.&lt;init&gt;(ChromeDriver.java:123)
	at tests.TestBase.StartDriver(TestBase.java:23)
... Removed 25 stack frames</div></td></tr></table><p class="totop"><a href="#summary">back to summary</a></p>
<h3 id="m4">tests.CheckOutTC1#addToCart</h3><table class="result"><tr><th>Exception</th></tr><tr><td><div class="stacktrace">org.openqa.selenium.WebDriverException: disconnected: received Inspector.detached event
  (failed to check if window was closed: disconnected: not connected to DevTools)
  (Session info: chrome=113.0.5672.127)
Build info: version: &apos;3.141.59&apos;, revision: &apos;e82be7d358&apos;, time: &apos;2018-11-14T08:17:03&apos;
System info: host: &apos;DESKTOP-RQA8NQN&apos;, ip: &apos;169.254.200.206&apos;, os.name: &apos;Windows 10&apos;, os.arch: &apos;amd64&apos;, os.version: &apos;10.0&apos;, java.version: &apos;17.0.1&apos;
Driver info: driver.version: ChromeDriver
remote stacktrace: Backtrace:
	GetHandleVerifier [0x008E8893+48451]
	(No symbol) [0x0087B8A1]
	(No symbol) [0x00785058]
	(No symbol) [0x0077924D]
	(No symbol) [0x00778DDD]
	(No symbol) [0x00778175]
	(No symbol) [0x0077810C]
	(No symbol) [0x00776D46]
	(No symbol) [0x007774A8]
	(No symbol) [0x007764C5]
	(No symbol) [0x00780E16]
	(No symbol) [0x007762F5]
	(No symbol) [0x00777E2A]
	(No symbol) [0x00776D46]
	(No symbol) [0x007774A8]
	(No symbol) [0x007764C5]
	(No symbol) [0x0077E676]
	(No symbol) [0x007762F5]
	(No symbol) [0x00777E2A]
	(No symbol) [0x00776D46]
	(No symbol) [0x007774A8]
	(No symbol) [0x007764C5]
	(No symbol) [0x0077C77B]
	(No symbol) [0x007762F5]
	(No symbol) [0x00777E2A]
	(No symbol) [0x00776D46]
	(No symbol) [0x007774A8]
	(No symbol) [0x007764C5]
	(No symbol) [0x00770BEF]
	(No symbol) [0x007762F5]
	(No symbol) [0x00775C9D]
	(No symbol) [0x0077597C]
	(No symbol) [0x007863F3]
	(No symbol) [0x0076C823]
	(No symbol) [0x0076BF15]
	(No symbol) [0x007D0853]
	(No symbol) [0x007D047C]
	(No symbol) [0x007CA0B6]
	(No symbol) [0x007A7E08]
	(No symbol) [0x007A8F2D]
	GetHandleVerifier [0x00B48E3A+2540266]
	GetHandleVerifier [0x00B88959+2801161]
	GetHandleVerifier [0x00B8295C+2776588]
	GetHandleVerifier [0x00972280+612144]
	(No symbol) [0x00884F6C]
	(No symbol) [0x008811D8]
	(No symbol) [0x008812BB]
	(No symbol) [0x00874857]
	BaseThreadInitThunk [0x76E26BA9+25]
	RtlGetFullPathName_UEx [0x77288F9F+1215]
	RtlGetFullPathName_UEx [0x77288F6D+1165]

	at org.openqa.selenium.remote.W3CHandshakeResponse.lambda$errorHandler$0(W3CHandshakeResponse.java:62)
	at org.openqa.selenium.remote.HandshakeResponse.lambda$getResponseFunction$0(HandshakeResponse.java:30)
	at org.openqa.selenium.remote.ProtocolHandshake.lambda$createSession$0(ProtocolHandshake.java:126)
	at java.base/java.util.stream.ReferencePipeline$3$1.accept(ReferencePipeline.java:197)
	at java.base/java.util.Spliterators$ArraySpliterator.tryAdvance(Spliterators.java:1002)
	at java.base/java.util.stream.ReferencePipeline.forEachWithCancel(ReferencePipeline.java:129)
	at java.base/java.util.stream.AbstractPipeline.copyIntoWithCancel(AbstractPipeline.java:527)
	at java.base/java.util.stream.AbstractPipeline.copyInto(AbstractPipeline.java:513)
	at java.base/java.util.stream.AbstractPipeline.wrapAndCopyInto(AbstractPipeline.java:499)
	at java.base/java.util.stream.FindOps$FindOp.evaluateSequential(FindOps.java:150)
	at java.base/java.util.stream.AbstractPipeline.evaluate(AbstractPipeline.java:234)
	at java.base/java.util.stream.ReferencePipeline.findFirst(ReferencePipeline.java:647)
	at org.openqa.selenium.remote.ProtocolHandshake.createSession(ProtocolHandshake.java:128)
	at org.openqa.selenium.remote.ProtocolHandshake.createSession(ProtocolHandshake.java:74)
	at org.openqa.selenium.remote.HttpCommandExecutor.execute(HttpCommandExecutor.java:136)
	at org.openqa.selenium.remote.service.DriverCommandExecutor.execute(DriverCommandExecutor.java:83)
	at org.openqa.selenium.remote.RemoteWebDriver.execute(RemoteWebDriver.java:552)
	at org.openqa.selenium.remote.RemoteWebDriver.startSession(RemoteWebDriver.java:213)
	at org.openqa.selenium.remote.RemoteWebDriver.&lt;init&gt;(RemoteWebDriver.java:131)
	at org.openqa.selenium.chrome.ChromeDriver.&lt;init&gt;(ChromeDriver.java:181)
	at org.openqa.selenium.chrome.ChromeDriver.&lt;init&gt;(ChromeDriver.java:168)
	at org.openqa.selenium.chrome.ChromeDriver.&lt;init&gt;(ChromeDriver.java:123)
	at tests.TestBase.StartDriver(TestBase.java:23)
... Removed 25 stack frames</div></td></tr></table><p class="totop"><a href="#summary">back to summary</a></p>
<h3 id="m5">tests.CheckoutTC3#Checkout</h3><table class="result"><tr><th>Exception</th></tr><tr><td><div class="stacktrace">org.openqa.selenium.WebDriverException: disconnected: received Inspector.detached event
  (failed to check if window was closed: disconnected: not connected to DevTools)
  (Session info: chrome=113.0.5672.127)
Build info: version: &apos;3.141.59&apos;, revision: &apos;e82be7d358&apos;, time: &apos;2018-11-14T08:17:03&apos;
System info: host: &apos;DESKTOP-RQA8NQN&apos;, ip: &apos;169.254.200.206&apos;, os.name: &apos;Windows 10&apos;, os.arch: &apos;amd64&apos;, os.version: &apos;10.0&apos;, java.version: &apos;17.0.1&apos;
Driver info: driver.version: ChromeDriver
remote stacktrace: Backtrace:
	GetHandleVerifier [0x008E8893+48451]
	(No symbol) [0x0087B8A1]
	(No symbol) [0x00785058]
	(No symbol) [0x0077924D]
	(No symbol) [0x00778DDD]
	(No symbol) [0x00778175]
	(No symbol) [0x0077810C]
	(No symbol) [0x00776D46]
	(No symbol) [0x007774A8]
	(No symbol) [0x007764C5]
	(No symbol) [0x00780E16]
	(No symbol) [0x007762F5]
	(No symbol) [0x00777E2A]
	(No symbol) [0x00776D46]
	(No symbol) [0x007774A8]
	(No symbol) [0x007764C5]
	(No symbol) [0x0077E676]
	(No symbol) [0x007762F5]
	(No symbol) [0x00777E2A]
	(No symbol) [0x00776D46]
	(No symbol) [0x007774A8]
	(No symbol) [0x007764C5]
	(No symbol) [0x0077C77B]
	(No symbol) [0x007762F5]
	(No symbol) [0x00777E2A]
	(No symbol) [0x00776D46]
	(No symbol) [0x007774A8]
	(No symbol) [0x007764C5]
	(No symbol) [0x00770BEF]
	(No symbol) [0x007762F5]
	(No symbol) [0x00775C9D]
	(No symbol) [0x0077597C]
	(No symbol) [0x007863F3]
	(No symbol) [0x0076C823]
	(No symbol) [0x0076BF15]
	(No symbol) [0x007D0853]
	(No symbol) [0x007D047C]
	(No symbol) [0x007CA0B6]
	(No symbol) [0x007A7E08]
	(No symbol) [0x007A8F2D]
	GetHandleVerifier [0x00B48E3A+2540266]
	GetHandleVerifier [0x00B88959+2801161]
	GetHandleVerifier [0x00B8295C+2776588]
	GetHandleVerifier [0x00972280+612144]
	(No symbol) [0x00884F6C]
	(No symbol) [0x008811D8]
	(No symbol) [0x008812BB]
	(No symbol) [0x00874857]
	BaseThreadInitThunk [0x76E26BA9+25]
	RtlGetFullPathName_UEx [0x77288F9F+1215]
	RtlGetFullPathName_UEx [0x77288F6D+1165]

	at org.openqa.selenium.remote.W3CHandshakeResponse.lambda$errorHandler$0(W3CHandshakeResponse.java:62)
	at org.openqa.selenium.remote.HandshakeResponse.lambda$getResponseFunction$0(HandshakeResponse.java:30)
	at org.openqa.selenium.remote.ProtocolHandshake.lambda$createSession$0(ProtocolHandshake.java:126)
	at java.base/java.util.stream.ReferencePipeline$3$1.accept(ReferencePipeline.java:197)
	at java.base/java.util.Spliterators$ArraySpliterator.tryAdvance(Spliterators.java:1002)
	at java.base/java.util.stream.ReferencePipeline.forEachWithCancel(ReferencePipeline.java:129)
	at java.base/java.util.stream.AbstractPipeline.copyIntoWithCancel(AbstractPipeline.java:527)
	at java.base/java.util.stream.AbstractPipeline.copyInto(AbstractPipeline.java:513)
	at java.base/java.util.stream.AbstractPipeline.wrapAndCopyInto(AbstractPipeline.java:499)
	at java.base/java.util.stream.FindOps$FindOp.evaluateSequential(FindOps.java:150)
	at java.base/java.util.stream.AbstractPipeline.evaluate(AbstractPipeline.java:234)
	at java.base/java.util.stream.ReferencePipeline.findFirst(ReferencePipeline.java:647)
	at org.openqa.selenium.remote.ProtocolHandshake.createSession(ProtocolHandshake.java:128)
	at org.openqa.selenium.remote.ProtocolHandshake.createSession(ProtocolHandshake.java:74)
	at org.openqa.selenium.remote.HttpCommandExecutor.execute(HttpCommandExecutor.java:136)
	at org.openqa.selenium.remote.service.DriverCommandExecutor.execute(DriverCommandExecutor.java:83)
	at org.openqa.selenium.remote.RemoteWebDriver.execute(RemoteWebDriver.java:552)
	at org.openqa.selenium.remote.RemoteWebDriver.startSession(RemoteWebDriver.java:213)
	at org.openqa.selenium.remote.RemoteWebDriver.&lt;init&gt;(RemoteWebDriver.java:131)
	at org.openqa.selenium.chrome.ChromeDriver.&lt;init&gt;(ChromeDriver.java:181)
	at org.openqa.selenium.chrome.ChromeDriver.&lt;init&gt;(ChromeDriver.java:168)
	at org.openqa.selenium.chrome.ChromeDriver.&lt;init&gt;(ChromeDriver.java:123)
	at tests.TestBase.StartDriver(TestBase.java:23)
... Removed 25 stack frames</div></td></tr></table><p class="totop"><a href="#summary">back to summary</a></p>
<h3 id="m6">tests.CheckoutTC3#Login</h3><table class="result"><tr><th>Exception</th></tr><tr><td><div class="stacktrace">org.openqa.selenium.WebDriverException: disconnected: received Inspector.detached event
  (failed to check if window was closed: disconnected: not connected to DevTools)
  (Session info: chrome=113.0.5672.127)
Build info: version: &apos;3.141.59&apos;, revision: &apos;e82be7d358&apos;, time: &apos;2018-11-14T08:17:03&apos;
System info: host: &apos;DESKTOP-RQA8NQN&apos;, ip: &apos;169.254.200.206&apos;, os.name: &apos;Windows 10&apos;, os.arch: &apos;amd64&apos;, os.version: &apos;10.0&apos;, java.version: &apos;17.0.1&apos;
Driver info: driver.version: ChromeDriver
remote stacktrace: Backtrace:
	GetHandleVerifier [0x008E8893+48451]
	(No symbol) [0x0087B8A1]
	(No symbol) [0x00785058]
	(No symbol) [0x0077924D]
	(No symbol) [0x00778DDD]
	(No symbol) [0x00778175]
	(No symbol) [0x0077810C]
	(No symbol) [0x00776D46]
	(No symbol) [0x007774A8]
	(No symbol) [0x007764C5]
	(No symbol) [0x00780E16]
	(No symbol) [0x007762F5]
	(No symbol) [0x00777E2A]
	(No symbol) [0x00776D46]
	(No symbol) [0x007774A8]
	(No symbol) [0x007764C5]
	(No symbol) [0x0077E676]
	(No symbol) [0x007762F5]
	(No symbol) [0x00777E2A]
	(No symbol) [0x00776D46]
	(No symbol) [0x007774A8]
	(No symbol) [0x007764C5]
	(No symbol) [0x0077C77B]
	(No symbol) [0x007762F5]
	(No symbol) [0x00777E2A]
	(No symbol) [0x00776D46]
	(No symbol) [0x007774A8]
	(No symbol) [0x007764C5]
	(No symbol) [0x00770BEF]
	(No symbol) [0x007762F5]
	(No symbol) [0x00775C9D]
	(No symbol) [0x0077597C]
	(No symbol) [0x007863F3]
	(No symbol) [0x0076C823]
	(No symbol) [0x0076BF15]
	(No symbol) [0x007D0853]
	(No symbol) [0x007D047C]
	(No symbol) [0x007CA0B6]
	(No symbol) [0x007A7E08]
	(No symbol) [0x007A8F2D]
	GetHandleVerifier [0x00B48E3A+2540266]
	GetHandleVerifier [0x00B88959+2801161]
	GetHandleVerifier [0x00B8295C+2776588]
	GetHandleVerifier [0x00972280+612144]
	(No symbol) [0x00884F6C]
	(No symbol) [0x008811D8]
	(No symbol) [0x008812BB]
	(No symbol) [0x00874857]
	BaseThreadInitThunk [0x76E26BA9+25]
	RtlGetFullPathName_UEx [0x77288F9F+1215]
	RtlGetFullPathName_UEx [0x77288F6D+1165]

	at org.openqa.selenium.remote.W3CHandshakeResponse.lambda$errorHandler$0(W3CHandshakeResponse.java:62)
	at org.openqa.selenium.remote.HandshakeResponse.lambda$getResponseFunction$0(HandshakeResponse.java:30)
	at org.openqa.selenium.remote.ProtocolHandshake.lambda$createSession$0(ProtocolHandshake.java:126)
	at java.base/java.util.stream.ReferencePipeline$3$1.accept(ReferencePipeline.java:197)
	at java.base/java.util.Spliterators$ArraySpliterator.tryAdvance(Spliterators.java:1002)
	at java.base/java.util.stream.ReferencePipeline.forEachWithCancel(ReferencePipeline.java:129)
	at java.base/java.util.stream.AbstractPipeline.copyIntoWithCancel(AbstractPipeline.java:527)
	at java.base/java.util.stream.AbstractPipeline.copyInto(AbstractPipeline.java:513)
	at java.base/java.util.stream.AbstractPipeline.wrapAndCopyInto(AbstractPipeline.java:499)
	at java.base/java.util.stream.FindOps$FindOp.evaluateSequential(FindOps.java:150)
	at java.base/java.util.stream.AbstractPipeline.evaluate(AbstractPipeline.java:234)
	at java.base/java.util.stream.ReferencePipeline.findFirst(ReferencePipeline.java:647)
	at org.openqa.selenium.remote.ProtocolHandshake.createSession(ProtocolHandshake.java:128)
	at org.openqa.selenium.remote.ProtocolHandshake.createSession(ProtocolHandshake.java:74)
	at org.openqa.selenium.remote.HttpCommandExecutor.execute(HttpCommandExecutor.java:136)
	at org.openqa.selenium.remote.service.DriverCommandExecutor.execute(DriverCommandExecutor.java:83)
	at org.openqa.selenium.remote.RemoteWebDriver.execute(RemoteWebDriver.java:552)
	at org.openqa.selenium.remote.RemoteWebDriver.startSession(RemoteWebDriver.java:213)
	at org.openqa.selenium.remote.RemoteWebDriver.&lt;init&gt;(RemoteWebDriver.java:131)
	at org.openqa.selenium.chrome.ChromeDriver.&lt;init&gt;(ChromeDriver.java:181)
	at org.openqa.selenium.chrome.ChromeDriver.&lt;init&gt;(ChromeDriver.java:168)
	at org.openqa.selenium.chrome.ChromeDriver.&lt;init&gt;(ChromeDriver.java:123)
	at tests.TestBase.StartDriver(TestBase.java:23)
... Removed 25 stack frames</div></td></tr></table><p class="totop"><a href="#summary">back to summary</a></p>
<h3 id="m7">tests.CheckoutTC3#addToCart</h3><table class="result"><tr><th>Exception</th></tr><tr><td><div class="stacktrace">org.openqa.selenium.WebDriverException: disconnected: received Inspector.detached event
  (failed to check if window was closed: disconnected: not connected to DevTools)
  (Session info: chrome=113.0.5672.127)
Build info: version: &apos;3.141.59&apos;, revision: &apos;e82be7d358&apos;, time: &apos;2018-11-14T08:17:03&apos;
System info: host: &apos;DESKTOP-RQA8NQN&apos;, ip: &apos;169.254.200.206&apos;, os.name: &apos;Windows 10&apos;, os.arch: &apos;amd64&apos;, os.version: &apos;10.0&apos;, java.version: &apos;17.0.1&apos;
Driver info: driver.version: ChromeDriver
remote stacktrace: Backtrace:
	GetHandleVerifier [0x008E8893+48451]
	(No symbol) [0x0087B8A1]
	(No symbol) [0x00785058]
	(No symbol) [0x0077924D]
	(No symbol) [0x00778DDD]
	(No symbol) [0x00778175]
	(No symbol) [0x0077810C]
	(No symbol) [0x00776D46]
	(No symbol) [0x007774A8]
	(No symbol) [0x007764C5]
	(No symbol) [0x00780E16]
	(No symbol) [0x007762F5]
	(No symbol) [0x00777E2A]
	(No symbol) [0x00776D46]
	(No symbol) [0x007774A8]
	(No symbol) [0x007764C5]
	(No symbol) [0x0077E676]
	(No symbol) [0x007762F5]
	(No symbol) [0x00777E2A]
	(No symbol) [0x00776D46]
	(No symbol) [0x007774A8]
	(No symbol) [0x007764C5]
	(No symbol) [0x0077C77B]
	(No symbol) [0x007762F5]
	(No symbol) [0x00777E2A]
	(No symbol) [0x00776D46]
	(No symbol) [0x007774A8]
	(No symbol) [0x007764C5]
	(No symbol) [0x00770BEF]
	(No symbol) [0x007762F5]
	(No symbol) [0x00775C9D]
	(No symbol) [0x0077597C]
	(No symbol) [0x007863F3]
	(No symbol) [0x0076C823]
	(No symbol) [0x0076BF15]
	(No symbol) [0x007D0853]
	(No symbol) [0x007D047C]
	(No symbol) [0x007CA0B6]
	(No symbol) [0x007A7E08]
	(No symbol) [0x007A8F2D]
	GetHandleVerifier [0x00B48E3A+2540266]
	GetHandleVerifier [0x00B88959+2801161]
	GetHandleVerifier [0x00B8295C+2776588]
	GetHandleVerifier [0x00972280+612144]
	(No symbol) [0x00884F6C]
	(No symbol) [0x008811D8]
	(No symbol) [0x008812BB]
	(No symbol) [0x00874857]
	BaseThreadInitThunk [0x76E26BA9+25]
	RtlGetFullPathName_UEx [0x77288F9F+1215]
	RtlGetFullPathName_UEx [0x77288F6D+1165]

	at org.openqa.selenium.remote.W3CHandshakeResponse.lambda$errorHandler$0(W3CHandshakeResponse.java:62)
	at org.openqa.selenium.remote.HandshakeResponse.lambda$getResponseFunction$0(HandshakeResponse.java:30)
	at org.openqa.selenium.remote.ProtocolHandshake.lambda$createSession$0(ProtocolHandshake.java:126)
	at java.base/java.util.stream.ReferencePipeline$3$1.accept(ReferencePipeline.java:197)
	at java.base/java.util.Spliterators$ArraySpliterator.tryAdvance(Spliterators.java:1002)
	at java.base/java.util.stream.ReferencePipeline.forEachWithCancel(ReferencePipeline.java:129)
	at java.base/java.util.stream.AbstractPipeline.copyIntoWithCancel(AbstractPipeline.java:527)
	at java.base/java.util.stream.AbstractPipeline.copyInto(AbstractPipeline.java:513)
	at java.base/java.util.stream.AbstractPipeline.wrapAndCopyInto(AbstractPipeline.java:499)
	at java.base/java.util.stream.FindOps$FindOp.evaluateSequential(FindOps.java:150)
	at java.base/java.util.stream.AbstractPipeline.evaluate(AbstractPipeline.java:234)
	at java.base/java.util.stream.ReferencePipeline.findFirst(ReferencePipeline.java:647)
	at org.openqa.selenium.remote.ProtocolHandshake.createSession(ProtocolHandshake.java:128)
	at org.openqa.selenium.remote.ProtocolHandshake.createSession(ProtocolHandshake.java:74)
	at org.openqa.selenium.remote.HttpCommandExecutor.execute(HttpCommandExecutor.java:136)
	at org.openqa.selenium.remote.service.DriverCommandExecutor.execute(DriverCommandExecutor.java:83)
	at org.openqa.selenium.remote.RemoteWebDriver.execute(RemoteWebDriver.java:552)
	at org.openqa.selenium.remote.RemoteWebDriver.startSession(RemoteWebDriver.java:213)
	at org.openqa.selenium.remote.RemoteWebDriver.&lt;init&gt;(RemoteWebDriver.java:131)
	at org.openqa.selenium.chrome.ChromeDriver.&lt;init&gt;(ChromeDriver.java:181)
	at org.openqa.selenium.chrome.ChromeDriver.&lt;init&gt;(ChromeDriver.java:168)
	at org.openqa.selenium.chrome.ChromeDriver.&lt;init&gt;(ChromeDriver.java:123)
	at tests.TestBase.StartDriver(TestBase.java:23)
... Removed 25 stack frames</div></td></tr></table><p class="totop"><a href="#summary">back to summary</a></p>
<h3 id="m8">tests.ChekoutTC2#Checkout</h3><table class="result"><tr><th>Exception</th></tr><tr><td><div class="stacktrace">org.openqa.selenium.WebDriverException: disconnected: received Inspector.detached event
  (failed to check if window was closed: disconnected: not connected to DevTools)
  (Session info: chrome=113.0.5672.127)
Build info: version: &apos;3.141.59&apos;, revision: &apos;e82be7d358&apos;, time: &apos;2018-11-14T08:17:03&apos;
System info: host: &apos;DESKTOP-RQA8NQN&apos;, ip: &apos;169.254.200.206&apos;, os.name: &apos;Windows 10&apos;, os.arch: &apos;amd64&apos;, os.version: &apos;10.0&apos;, java.version: &apos;17.0.1&apos;
Driver info: driver.version: ChromeDriver
remote stacktrace: Backtrace:
	GetHandleVerifier [0x008E8893+48451]
	(No symbol) [0x0087B8A1]
	(No symbol) [0x00785058]
	(No symbol) [0x0077924D]
	(No symbol) [0x00778DDD]
	(No symbol) [0x00778175]
	(No symbol) [0x0077810C]
	(No symbol) [0x00776D46]
	(No symbol) [0x007774A8]
	(No symbol) [0x007764C5]
	(No symbol) [0x00780E16]
	(No symbol) [0x007762F5]
	(No symbol) [0x00777E2A]
	(No symbol) [0x00776D46]
	(No symbol) [0x007774A8]
	(No symbol) [0x007764C5]
	(No symbol) [0x0077E676]
	(No symbol) [0x007762F5]
	(No symbol) [0x00777E2A]
	(No symbol) [0x00776D46]
	(No symbol) [0x007774A8]
	(No symbol) [0x007764C5]
	(No symbol) [0x0077C77B]
	(No symbol) [0x007762F5]
	(No symbol) [0x00777E2A]
	(No symbol) [0x00776D46]
	(No symbol) [0x007774A8]
	(No symbol) [0x007764C5]
	(No symbol) [0x00770BEF]
	(No symbol) [0x007762F5]
	(No symbol) [0x00775C9D]
	(No symbol) [0x0077597C]
	(No symbol) [0x007863F3]
	(No symbol) [0x0076C823]
	(No symbol) [0x0076BF15]
	(No symbol) [0x007D0853]
	(No symbol) [0x007D047C]
	(No symbol) [0x007CA0B6]
	(No symbol) [0x007A7E08]
	(No symbol) [0x007A8F2D]
	GetHandleVerifier [0x00B48E3A+2540266]
	GetHandleVerifier [0x00B88959+2801161]
	GetHandleVerifier [0x00B8295C+2776588]
	GetHandleVerifier [0x00972280+612144]
	(No symbol) [0x00884F6C]
	(No symbol) [0x008811D8]
	(No symbol) [0x008812BB]
	(No symbol) [0x00874857]
	BaseThreadInitThunk [0x76E26BA9+25]
	RtlGetFullPathName_UEx [0x77288F9F+1215]
	RtlGetFullPathName_UEx [0x77288F6D+1165]

	at org.openqa.selenium.remote.W3CHandshakeResponse.lambda$errorHandler$0(W3CHandshakeResponse.java:62)
	at org.openqa.selenium.remote.HandshakeResponse.lambda$getResponseFunction$0(HandshakeResponse.java:30)
	at org.openqa.selenium.remote.ProtocolHandshake.lambda$createSession$0(ProtocolHandshake.java:126)
	at java.base/java.util.stream.ReferencePipeline$3$1.accept(ReferencePipeline.java:197)
	at java.base/java.util.Spliterators$ArraySpliterator.tryAdvance(Spliterators.java:1002)
	at java.base/java.util.stream.ReferencePipeline.forEachWithCancel(ReferencePipeline.java:129)
	at java.base/java.util.stream.AbstractPipeline.copyIntoWithCancel(AbstractPipeline.java:527)
	at java.base/java.util.stream.AbstractPipeline.copyInto(AbstractPipeline.java:513)
	at java.base/java.util.stream.AbstractPipeline.wrapAndCopyInto(AbstractPipeline.java:499)
	at java.base/java.util.stream.FindOps$FindOp.evaluateSequential(FindOps.java:150)
	at java.base/java.util.stream.AbstractPipeline.evaluate(AbstractPipeline.java:234)
	at java.base/java.util.stream.ReferencePipeline.findFirst(ReferencePipeline.java:647)
	at org.openqa.selenium.remote.ProtocolHandshake.createSession(ProtocolHandshake.java:128)
	at org.openqa.selenium.remote.ProtocolHandshake.createSession(ProtocolHandshake.java:74)
	at org.openqa.selenium.remote.HttpCommandExecutor.execute(HttpCommandExecutor.java:136)
	at org.openqa.selenium.remote.service.DriverCommandExecutor.execute(DriverCommandExecutor.java:83)
	at org.openqa.selenium.remote.RemoteWebDriver.execute(RemoteWebDriver.java:552)
	at org.openqa.selenium.remote.RemoteWebDriver.startSession(RemoteWebDriver.java:213)
	at org.openqa.selenium.remote.RemoteWebDriver.&lt;init&gt;(RemoteWebDriver.java:131)
	at org.openqa.selenium.chrome.ChromeDriver.&lt;init&gt;(ChromeDriver.java:181)
	at org.openqa.selenium.chrome.ChromeDriver.&lt;init&gt;(ChromeDriver.java:168)
	at org.openqa.selenium.chrome.ChromeDriver.&lt;init&gt;(ChromeDriver.java:123)
	at tests.TestBase.StartDriver(TestBase.java:23)
... Removed 25 stack frames</div></td></tr></table><p class="totop"><a href="#summary">back to summary</a></p>
<h3 id="m9">tests.ChekoutTC2#Login</h3><table class="result"><tr><th>Exception</th></tr><tr><td><div class="stacktrace">org.openqa.selenium.WebDriverException: disconnected: received Inspector.detached event
  (failed to check if window was closed: disconnected: not connected to DevTools)
  (Session info: chrome=113.0.5672.127)
Build info: version: &apos;3.141.59&apos;, revision: &apos;e82be7d358&apos;, time: &apos;2018-11-14T08:17:03&apos;
System info: host: &apos;DESKTOP-RQA8NQN&apos;, ip: &apos;169.254.200.206&apos;, os.name: &apos;Windows 10&apos;, os.arch: &apos;amd64&apos;, os.version: &apos;10.0&apos;, java.version: &apos;17.0.1&apos;
Driver info: driver.version: ChromeDriver
remote stacktrace: Backtrace:
	GetHandleVerifier [0x008E8893+48451]
	(No symbol) [0x0087B8A1]
	(No symbol) [0x00785058]
	(No symbol) [0x0077924D]
	(No symbol) [0x00778DDD]
	(No symbol) [0x00778175]
	(No symbol) [0x0077810C]
	(No symbol) [0x00776D46]
	(No symbol) [0x007774A8]
	(No symbol) [0x007764C5]
	(No symbol) [0x00780E16]
	(No symbol) [0x007762F5]
	(No symbol) [0x00777E2A]
	(No symbol) [0x00776D46]
	(No symbol) [0x007774A8]
	(No symbol) [0x007764C5]
	(No symbol) [0x0077E676]
	(No symbol) [0x007762F5]
	(No symbol) [0x00777E2A]
	(No symbol) [0x00776D46]
	(No symbol) [0x007774A8]
	(No symbol) [0x007764C5]
	(No symbol) [0x0077C77B]
	(No symbol) [0x007762F5]
	(No symbol) [0x00777E2A]
	(No symbol) [0x00776D46]
	(No symbol) [0x007774A8]
	(No symbol) [0x007764C5]
	(No symbol) [0x00770BEF]
	(No symbol) [0x007762F5]
	(No symbol) [0x00775C9D]
	(No symbol) [0x0077597C]
	(No symbol) [0x007863F3]
	(No symbol) [0x0076C823]
	(No symbol) [0x0076BF15]
	(No symbol) [0x007D0853]
	(No symbol) [0x007D047C]
	(No symbol) [0x007CA0B6]
	(No symbol) [0x007A7E08]
	(No symbol) [0x007A8F2D]
	GetHandleVerifier [0x00B48E3A+2540266]
	GetHandleVerifier [0x00B88959+2801161]
	GetHandleVerifier [0x00B8295C+2776588]
	GetHandleVerifier [0x00972280+612144]
	(No symbol) [0x00884F6C]
	(No symbol) [0x008811D8]
	(No symbol) [0x008812BB]
	(No symbol) [0x00874857]
	BaseThreadInitThunk [0x76E26BA9+25]
	RtlGetFullPathName_UEx [0x77288F9F+1215]
	RtlGetFullPathName_UEx [0x77288F6D+1165]

	at org.openqa.selenium.remote.W3CHandshakeResponse.lambda$errorHandler$0(W3CHandshakeResponse.java:62)
	at org.openqa.selenium.remote.HandshakeResponse.lambda$getResponseFunction$0(HandshakeResponse.java:30)
	at org.openqa.selenium.remote.ProtocolHandshake.lambda$createSession$0(ProtocolHandshake.java:126)
	at java.base/java.util.stream.ReferencePipeline$3$1.accept(ReferencePipeline.java:197)
	at java.base/java.util.Spliterators$ArraySpliterator.tryAdvance(Spliterators.java:1002)
	at java.base/java.util.stream.ReferencePipeline.forEachWithCancel(ReferencePipeline.java:129)
	at java.base/java.util.stream.AbstractPipeline.copyIntoWithCancel(AbstractPipeline.java:527)
	at java.base/java.util.stream.AbstractPipeline.copyInto(AbstractPipeline.java:513)
	at java.base/java.util.stream.AbstractPipeline.wrapAndCopyInto(AbstractPipeline.java:499)
	at java.base/java.util.stream.FindOps$FindOp.evaluateSequential(FindOps.java:150)
	at java.base/java.util.stream.AbstractPipeline.evaluate(AbstractPipeline.java:234)
	at java.base/java.util.stream.ReferencePipeline.findFirst(ReferencePipeline.java:647)
	at org.openqa.selenium.remote.ProtocolHandshake.createSession(ProtocolHandshake.java:128)
	at org.openqa.selenium.remote.ProtocolHandshake.createSession(ProtocolHandshake.java:74)
	at org.openqa.selenium.remote.HttpCommandExecutor.execute(HttpCommandExecutor.java:136)
	at org.openqa.selenium.remote.service.DriverCommandExecutor.execute(DriverCommandExecutor.java:83)
	at org.openqa.selenium.remote.RemoteWebDriver.execute(RemoteWebDriver.java:552)
	at org.openqa.selenium.remote.RemoteWebDriver.startSession(RemoteWebDriver.java:213)
	at org.openqa.selenium.remote.RemoteWebDriver.&lt;init&gt;(RemoteWebDriver.java:131)
	at org.openqa.selenium.chrome.ChromeDriver.&lt;init&gt;(ChromeDriver.java:181)
	at org.openqa.selenium.chrome.ChromeDriver.&lt;init&gt;(ChromeDriver.java:168)
	at org.openqa.selenium.chrome.ChromeDriver.&lt;init&gt;(ChromeDriver.java:123)
	at tests.TestBase.StartDriver(TestBase.java:23)
... Removed 25 stack frames</div></td></tr></table><p class="totop"><a href="#summary">back to summary</a></p>
<h3 id="m10">tests.ChekoutTC2#addToCart</h3><table class="result"><tr><th>Exception</th></tr><tr><td><div class="stacktrace">org.openqa.selenium.WebDriverException: disconnected: received Inspector.detached event
  (failed to check if window was closed: disconnected: not connected to DevTools)
  (Session info: chrome=113.0.5672.127)
Build info: version: &apos;3.141.59&apos;, revision: &apos;e82be7d358&apos;, time: &apos;2018-11-14T08:17:03&apos;
System info: host: &apos;DESKTOP-RQA8NQN&apos;, ip: &apos;169.254.200.206&apos;, os.name: &apos;Windows 10&apos;, os.arch: &apos;amd64&apos;, os.version: &apos;10.0&apos;, java.version: &apos;17.0.1&apos;
Driver info: driver.version: ChromeDriver
remote stacktrace: Backtrace:
	GetHandleVerifier [0x008E8893+48451]
	(No symbol) [0x0087B8A1]
	(No symbol) [0x00785058]
	(No symbol) [0x0077924D]
	(No symbol) [0x00778DDD]
	(No symbol) [0x00778175]
	(No symbol) [0x0077810C]
	(No symbol) [0x00776D46]
	(No symbol) [0x007774A8]
	(No symbol) [0x007764C5]
	(No symbol) [0x00780E16]
	(No symbol) [0x007762F5]
	(No symbol) [0x00777E2A]
	(No symbol) [0x00776D46]
	(No symbol) [0x007774A8]
	(No symbol) [0x007764C5]
	(No symbol) [0x0077E676]
	(No symbol) [0x007762F5]
	(No symbol) [0x00777E2A]
	(No symbol) [0x00776D46]
	(No symbol) [0x007774A8]
	(No symbol) [0x007764C5]
	(No symbol) [0x0077C77B]
	(No symbol) [0x007762F5]
	(No symbol) [0x00777E2A]
	(No symbol) [0x00776D46]
	(No symbol) [0x007774A8]
	(No symbol) [0x007764C5]
	(No symbol) [0x00770BEF]
	(No symbol) [0x007762F5]
	(No symbol) [0x00775C9D]
	(No symbol) [0x0077597C]
	(No symbol) [0x007863F3]
	(No symbol) [0x0076C823]
	(No symbol) [0x0076BF15]
	(No symbol) [0x007D0853]
	(No symbol) [0x007D047C]
	(No symbol) [0x007CA0B6]
	(No symbol) [0x007A7E08]
	(No symbol) [0x007A8F2D]
	GetHandleVerifier [0x00B48E3A+2540266]
	GetHandleVerifier [0x00B88959+2801161]
	GetHandleVerifier [0x00B8295C+2776588]
	GetHandleVerifier [0x00972280+612144]
	(No symbol) [0x00884F6C]
	(No symbol) [0x008811D8]
	(No symbol) [0x008812BB]
	(No symbol) [0x00874857]
	BaseThreadInitThunk [0x76E26BA9+25]
	RtlGetFullPathName_UEx [0x77288F9F+1215]
	RtlGetFullPathName_UEx [0x77288F6D+1165]

	at org.openqa.selenium.remote.W3CHandshakeResponse.lambda$errorHandler$0(W3CHandshakeResponse.java:62)
	at org.openqa.selenium.remote.HandshakeResponse.lambda$getResponseFunction$0(HandshakeResponse.java:30)
	at org.openqa.selenium.remote.ProtocolHandshake.lambda$createSession$0(ProtocolHandshake.java:126)
	at java.base/java.util.stream.ReferencePipeline$3$1.accept(ReferencePipeline.java:197)
	at java.base/java.util.Spliterators$ArraySpliterator.tryAdvance(Spliterators.java:1002)
	at java.base/java.util.stream.ReferencePipeline.forEachWithCancel(ReferencePipeline.java:129)
	at java.base/java.util.stream.AbstractPipeline.copyIntoWithCancel(AbstractPipeline.java:527)
	at java.base/java.util.stream.AbstractPipeline.copyInto(AbstractPipeline.java:513)
	at java.base/java.util.stream.AbstractPipeline.wrapAndCopyInto(AbstractPipeline.java:499)
	at java.base/java.util.stream.FindOps$FindOp.evaluateSequential(FindOps.java:150)
	at java.base/java.util.stream.AbstractPipeline.evaluate(AbstractPipeline.java:234)
	at java.base/java.util.stream.ReferencePipeline.findFirst(ReferencePipeline.java:647)
	at org.openqa.selenium.remote.ProtocolHandshake.createSession(ProtocolHandshake.java:128)
	at org.openqa.selenium.remote.ProtocolHandshake.createSession(ProtocolHandshake.java:74)
	at org.openqa.selenium.remote.HttpCommandExecutor.execute(HttpCommandExecutor.java:136)
	at org.openqa.selenium.remote.service.DriverCommandExecutor.execute(DriverCommandExecutor.java:83)
	at org.openqa.selenium.remote.RemoteWebDriver.execute(RemoteWebDriver.java:552)
	at org.openqa.selenium.remote.RemoteWebDriver.startSession(RemoteWebDriver.java:213)
	at org.openqa.selenium.remote.RemoteWebDriver.&lt;init&gt;(RemoteWebDriver.java:131)
	at org.openqa.selenium.chrome.ChromeDriver.&lt;init&gt;(ChromeDriver.java:181)
	at org.openqa.selenium.chrome.ChromeDriver.&lt;init&gt;(ChromeDriver.java:168)
	at org.openqa.selenium.chrome.ChromeDriver.&lt;init&gt;(ChromeDriver.java:123)
	at tests.TestBase.StartDriver(TestBase.java:23)
... Removed 25 stack frames</div></td></tr></table><p class="totop"><a href="#summary">back to summary</a></p>
</body>
</html>
