<!DOCTYPE html>

<html>
  <head>
  <meta charset='utf-8'>
  <title>TestNG reports</title>

    <link type="text/css" href="testng-reports.css" rel="stylesheet" />
    <script type="text/javascript" src="jquery-1.7.1.min.js"></script>
    <script type="text/javascript" src="testng-reports.js"></script>
    <script type="text/javascript" src="https://www.google.com/jsapi"></script>
    <script type='text/javascript'>
      google.load('visualization', '1', {packages:['table']});
      google.setOnLoadCallback(drawTable);
      var suiteTableInitFunctions = new Array();
      var suiteTableData = new Array();
    </script>
    <!--
      <script type="text/javascript" src="jquery-ui/js/jquery-ui-1.8.16.custom.min.js"></script>
     -->
  </head>

  <body>
    <div class="top-banner-root">
      <span class="top-banner-title-font">Test results</span>
      <br/>
      <span class="top-banner-font-1">1 suite</span>
    </div> <!-- top-banner-root -->
    <div class="navigator-root">
      <div class="navigator-suite-header">
        <span>All suites</span>
        <a href="#" title="Collapse/expand all the suites" class="collapse-all-link">
          <img src="collapseall.gif" class="collapse-all-icon">
          </img> <!-- collapse-all-icon -->
        </a> <!-- collapse-all-link -->
      </div> <!-- navigator-suite-header -->
      <div class="suite">
        <div class="rounded-window">
          <div class="suite-header light-rounded-window-top">
            <a href="#" panel-name="suite-Suite" class="navigator-link">
              <span class="suite-name border-skipped">Suite</span>
            </a> <!-- navigator-link -->
          </div> <!-- suite-header light-rounded-window-top -->
          <div class="navigator-suite-content">
            <div class="suite-section-title">
              <span>Info</span>
            </div> <!-- suite-section-title -->
            <div class="suite-section-content">
              <ul>
                <li>
                  <a href="#" panel-name="test-xml-Suite" class="navigator-link ">
                    <span>C:\Users\Dell\eclipse-workspace\Enable-AutomationProject\testng.xml</span>
                  </a> <!-- navigator-link  -->
                </li>
                <li>
                  <a href="#" panel-name="testlist-Suite" class="navigator-link ">
                    <span class="test-stats">1 test</span>
                  </a> <!-- navigator-link  -->
                </li>
                <li>
                  <a href="#" panel-name="group-Suite" class="navigator-link ">
                    <span>0 groups</span>
                  </a> <!-- navigator-link  -->
                </li>
                <li>
                  <a href="#" panel-name="times-Suite" class="navigator-link ">
                    <span>Times</span>
                  </a> <!-- navigator-link  -->
                </li>
                <li>
                  <a href="#" panel-name="reporter-Suite" class="navigator-link ">
                    <span>Reporter output</span>
                  </a> <!-- navigator-link  -->
                </li>
                <li>
                  <a href="#" panel-name="ignored-methods-Suite" class="navigator-link ">
                    <span>Ignored methods</span>
                  </a> <!-- navigator-link  -->
                </li>
                <li>
                  <a href="#" panel-name="chronological-Suite" class="navigator-link ">
                    <span>Chronological view</span>
                  </a> <!-- navigator-link  -->
                </li>
              </ul>
            </div> <!-- suite-section-content -->
            <div class="result-section">
              <div class="suite-section-title">
                <span>Results</span>
              </div> <!-- suite-section-title -->
              <div class="suite-section-content">
                <ul>
                  <li>
                    <span class="method-stats">9 methods,  9 skipped,  </span>
                  </li>
                  <li>
                    <span class="method-list-title skipped">Skipped methods</span>
                    <span class="show-or-hide-methods skipped">
                      <a href="#" panel-name="suite-Suite" class="hide-methods skipped suite-Suite"> (hide)</a> <!-- hide-methods skipped suite-Suite -->
                      <a href="#" panel-name="suite-Suite" class="show-methods skipped suite-Suite"> (show)</a> <!-- show-methods skipped suite-Suite -->
                    </span>
                    <div class="method-list-content skipped suite-Suite">
                      <span>
                        <img src="skipped.png" width="3%"/>
                        <a href="#" panel-name="suite-Suite" title="tests.ChekoutTC2" class="method navigator-link" hash-for-method="Checkout">Checkout</a> <!-- method navigator-link -->
                      </span>
                      <br/>
                      <span>
                        <img src="skipped.png" width="3%"/>
                        <a href="#" panel-name="suite-Suite" title="tests.CheckOutTC1" class="method navigator-link" hash-for-method="Checkout">Checkout</a> <!-- method navigator-link -->
                      </span>
                      <br/>
                      <span>
                        <img src="skipped.png" width="3%"/>
                        <a href="#" panel-name="suite-Suite" title="tests.CheckoutTC3" class="method navigator-link" hash-for-method="Checkout">Checkout</a> <!-- method navigator-link -->
                      </span>
                      <br/>
                      <span>
                        <img src="skipped.png" width="3%"/>
                        <a href="#" panel-name="suite-Suite" title="tests.ChekoutTC2" class="method navigator-link" hash-for-method="Login">Login</a> <!-- method navigator-link -->
                      </span>
                      <br/>
                      <span>
                        <img src="skipped.png" width="3%"/>
                        <a href="#" panel-name="suite-Suite" title="tests.CheckOutTC1" class="method navigator-link" hash-for-method="Login">Login</a> <!-- method navigator-link -->
                      </span>
                      <br/>
                      <span>
                        <img src="skipped.png" width="3%"/>
                        <a href="#" panel-name="suite-Suite" title="tests.CheckoutTC3" class="method navigator-link" hash-for-method="Login">Login</a> <!-- method navigator-link -->
                      </span>
                      <br/>
                      <span>
                        <img src="skipped.png" width="3%"/>
                        <a href="#" panel-name="suite-Suite" title="tests.CheckoutTC3" class="method navigator-link" hash-for-method="addToCart">addToCart</a> <!-- method navigator-link -->
                      </span>
                      <br/>
                      <span>
                        <img src="skipped.png" width="3%"/>
                        <a href="#" panel-name="suite-Suite" title="tests.ChekoutTC2" class="method navigator-link" hash-for-method="addToCart">addToCart</a> <!-- method navigator-link -->
                      </span>
                      <br/>
                      <span>
                        <img src="skipped.png" width="3%"/>
                        <a href="#" panel-name="suite-Suite" title="tests.CheckOutTC1" class="method navigator-link" hash-for-method="addToCart">addToCart</a> <!-- method navigator-link -->
                      </span>
                      <br/>
                    </div> <!-- method-list-content skipped suite-Suite -->
                  </li>
                </ul>
              </div> <!-- suite-section-content -->
            </div> <!-- result-section -->
          </div> <!-- navigator-suite-content -->
        </div> <!-- rounded-window -->
      </div> <!-- suite -->
    </div> <!-- navigator-root -->
    <div class="wrapper">
      <div class="main-panel-root">
        <div panel-name="suite-Suite" class="panel Suite">
          <div class="suite-Suite-class-skipped">
            <div class="main-panel-header rounded-window-top">
              <img src="skipped.png"/>
              <span class="class-name">tests.CheckOutTC1</span>
            </div> <!-- main-panel-header rounded-window-top -->
            <div class="main-panel-content rounded-window-bottom">
              <div class="method">
                <div class="method-content">
                  <a name="Checkout">
                  </a> <!-- Checkout -->
                  <span class="method-name">Checkout</span>
                  <div class="stack-trace">org.openqa.selenium.WebDriverException: disconnected: received Inspector.detached event
  (failed to check if window was closed: disconnected: not connected to DevTools)
  (Session info: chrome=113.0.5672.127)
Build info: version: &apos;3.141.59&apos;, revision: &apos;e82be7d358&apos;, time: &apos;2018-11-14T08:17:03&apos;
System info: host: &apos;DESKTOP-RQA8NQN&apos;, ip: &apos;169.254.200.206&apos;, os.name: &apos;Windows 10&apos;, os.arch: &apos;amd64&apos;, os.version: &apos;10.0&apos;, java.version: &apos;17.0.1&apos;
Driver info: driver.version: ChromeDriver
remote stacktrace: Backtrace:
	GetHandleVerifier [0x008E8893+48451]
	(No symbol) [0x0087B8A1]
	(No symbol) [0x00785058]
	(No symbol) [0x0077924D]
	(No symbol) [0x00778DDD]
	(No symbol) [0x00778175]
	(No symbol) [0x0077810C]
	(No symbol) [0x00776D46]
	(No symbol) [0x007774A8]
	(No symbol) [0x007764C5]
	(No symbol) [0x00780E16]
	(No symbol) [0x007762F5]
	(No symbol) [0x00777E2A]
	(No symbol) [0x00776D46]
	(No symbol) [0x007774A8]
	(No symbol) [0x007764C5]
	(No symbol) [0x0077E676]
	(No symbol) [0x007762F5]
	(No symbol) [0x00777E2A]
	(No symbol) [0x00776D46]
	(No symbol) [0x007774A8]
	(No symbol) [0x007764C5]
	(No symbol) [0x0077C77B]
	(No symbol) [0x007762F5]
	(No symbol) [0x00777E2A]
	(No symbol) [0x00776D46]
	(No symbol) [0x007774A8]
	(No symbol) [0x007764C5]
	(No symbol) [0x00770BEF]
	(No symbol) [0x007762F5]
	(No symbol) [0x00775C9D]
	(No symbol) [0x0077597C]
	(No symbol) [0x007863F3]
	(No symbol) [0x0076C823]
	(No symbol) [0x0076BF15]
	(No symbol) [0x007D0853]
	(No symbol) [0x007D047C]
	(No symbol) [0x007CA0B6]
	(No symbol) [0x007A7E08]
	(No symbol) [0x007A8F2D]
	GetHandleVerifier [0x00B48E3A+2540266]
	GetHandleVerifier [0x00B88959+2801161]
	GetHandleVerifier [0x00B8295C+2776588]
	GetHandleVerifier [0x00972280+612144]
	(No symbol) [0x00884F6C]
	(No symbol) [0x008811D8]
	(No symbol) [0x008812BB]
	(No symbol) [0x00874857]
	BaseThreadInitThunk [0x76E26BA9+25]
	RtlGetFullPathName_UEx [0x77288F9F+1215]
	RtlGetFullPathName_UEx [0x77288F6D+1165]

	at org.openqa.selenium.remote.W3CHandshakeResponse.lambda$errorHandler$0(W3CHandshakeResponse.java:62)
	at org.openqa.selenium.remote.HandshakeResponse.lambda$getResponseFunction$0(HandshakeResponse.java:30)
	at org.openqa.selenium.remote.ProtocolHandshake.lambda$createSession$0(ProtocolHandshake.java:126)
	at java.base/java.util.stream.ReferencePipeline$3$1.accept(ReferencePipeline.java:197)
	at java.base/java.util.Spliterators$ArraySpliterator.tryAdvance(Spliterators.java:1002)
	at java.base/java.util.stream.ReferencePipeline.forEachWithCancel(ReferencePipeline.java:129)
	at java.base/java.util.stream.AbstractPipeline.copyIntoWithCancel(AbstractPipeline.java:527)
	at java.base/java.util.stream.AbstractPipeline.copyInto(AbstractPipeline.java:513)
	at java.base/java.util.stream.AbstractPipeline.wrapAndCopyInto(AbstractPipeline.java:499)
	at java.base/java.util.stream.FindOps$FindOp.evaluateSequential(FindOps.java:150)
	at java.base/java.util.stream.AbstractPipeline.evaluate(AbstractPipeline.java:234)
	at java.base/java.util.stream.ReferencePipeline.findFirst(ReferencePipeline.java:647)
	at org.openqa.selenium.remote.ProtocolHandshake.createSession(ProtocolHandshake.java:128)
	at org.openqa.selenium.remote.ProtocolHandshake.createSession(ProtocolHandshake.java:74)
	at org.openqa.selenium.remote.HttpCommandExecutor.execute(HttpCommandExecutor.java:136)
	at org.openqa.selenium.remote.service.DriverCommandExecutor.execute(DriverCommandExecutor.java:83)
	at org.openqa.selenium.remote.RemoteWebDriver.execute(RemoteWebDriver.java:552)
	at org.openqa.selenium.remote.RemoteWebDriver.startSession(RemoteWebDriver.java:213)
	at org.openqa.selenium.remote.RemoteWebDriver.&lt;init&gt;(RemoteWebDriver.java:131)
	at org.openqa.selenium.chrome.ChromeDriver.&lt;init&gt;(ChromeDriver.java:181)
	at org.openqa.selenium.chrome.ChromeDriver.&lt;init&gt;(ChromeDriver.java:168)
	at org.openqa.selenium.chrome.ChromeDriver.&lt;init&gt;(ChromeDriver.java:123)
	at tests.TestBase.StartDriver(TestBase.java:23)
... Removed 25 stack frames
</div> <!-- stack-trace -->
                </div> <!-- method-content -->
              </div> <!-- method -->
              <div class="method">
                <div class="method-content">
                  <a name="Login">
                  </a> <!-- Login -->
                  <span class="method-name">Login</span>
                  <div class="stack-trace">org.openqa.selenium.WebDriverException: disconnected: received Inspector.detached event
  (failed to check if window was closed: disconnected: not connected to DevTools)
  (Session info: chrome=113.0.5672.127)
Build info: version: &apos;3.141.59&apos;, revision: &apos;e82be7d358&apos;, time: &apos;2018-11-14T08:17:03&apos;
System info: host: &apos;DESKTOP-RQA8NQN&apos;, ip: &apos;169.254.200.206&apos;, os.name: &apos;Windows 10&apos;, os.arch: &apos;amd64&apos;, os.version: &apos;10.0&apos;, java.version: &apos;17.0.1&apos;
Driver info: driver.version: ChromeDriver
remote stacktrace: Backtrace:
	GetHandleVerifier [0x008E8893+48451]
	(No symbol) [0x0087B8A1]
	(No symbol) [0x00785058]
	(No symbol) [0x0077924D]
	(No symbol) [0x00778DDD]
	(No symbol) [0x00778175]
	(No symbol) [0x0077810C]
	(No symbol) [0x00776D46]
	(No symbol) [0x007774A8]
	(No symbol) [0x007764C5]
	(No symbol) [0x00780E16]
	(No symbol) [0x007762F5]
	(No symbol) [0x00777E2A]
	(No symbol) [0x00776D46]
	(No symbol) [0x007774A8]
	(No symbol) [0x007764C5]
	(No symbol) [0x0077E676]
	(No symbol) [0x007762F5]
	(No symbol) [0x00777E2A]
	(No symbol) [0x00776D46]
	(No symbol) [0x007774A8]
	(No symbol) [0x007764C5]
	(No symbol) [0x0077C77B]
	(No symbol) [0x007762F5]
	(No symbol) [0x00777E2A]
	(No symbol) [0x00776D46]
	(No symbol) [0x007774A8]
	(No symbol) [0x007764C5]
	(No symbol) [0x00770BEF]
	(No symbol) [0x007762F5]
	(No symbol) [0x00775C9D]
	(No symbol) [0x0077597C]
	(No symbol) [0x007863F3]
	(No symbol) [0x0076C823]
	(No symbol) [0x0076BF15]
	(No symbol) [0x007D0853]
	(No symbol) [0x007D047C]
	(No symbol) [0x007CA0B6]
	(No symbol) [0x007A7E08]
	(No symbol) [0x007A8F2D]
	GetHandleVerifier [0x00B48E3A+2540266]
	GetHandleVerifier [0x00B88959+2801161]
	GetHandleVerifier [0x00B8295C+2776588]
	GetHandleVerifier [0x00972280+612144]
	(No symbol) [0x00884F6C]
	(No symbol) [0x008811D8]
	(No symbol) [0x008812BB]
	(No symbol) [0x00874857]
	BaseThreadInitThunk [0x76E26BA9+25]
	RtlGetFullPathName_UEx [0x77288F9F+1215]
	RtlGetFullPathName_UEx [0x77288F6D+1165]

	at org.openqa.selenium.remote.W3CHandshakeResponse.lambda$errorHandler$0(W3CHandshakeResponse.java:62)
	at org.openqa.selenium.remote.HandshakeResponse.lambda$getResponseFunction$0(HandshakeResponse.java:30)
	at org.openqa.selenium.remote.ProtocolHandshake.lambda$createSession$0(ProtocolHandshake.java:126)
	at java.base/java.util.stream.ReferencePipeline$3$1.accept(ReferencePipeline.java:197)
	at java.base/java.util.Spliterators$ArraySpliterator.tryAdvance(Spliterators.java:1002)
	at java.base/java.util.stream.ReferencePipeline.forEachWithCancel(ReferencePipeline.java:129)
	at java.base/java.util.stream.AbstractPipeline.copyIntoWithCancel(AbstractPipeline.java:527)
	at java.base/java.util.stream.AbstractPipeline.copyInto(AbstractPipeline.java:513)
	at java.base/java.util.stream.AbstractPipeline.wrapAndCopyInto(AbstractPipeline.java:499)
	at java.base/java.util.stream.FindOps$FindOp.evaluateSequential(FindOps.java:150)
	at java.base/java.util.stream.AbstractPipeline.evaluate(AbstractPipeline.java:234)
	at java.base/java.util.stream.ReferencePipeline.findFirst(ReferencePipeline.java:647)
	at org.openqa.selenium.remote.ProtocolHandshake.createSession(ProtocolHandshake.java:128)
	at org.openqa.selenium.remote.ProtocolHandshake.createSession(ProtocolHandshake.java:74)
	at org.openqa.selenium.remote.HttpCommandExecutor.execute(HttpCommandExecutor.java:136)
	at org.openqa.selenium.remote.service.DriverCommandExecutor.execute(DriverCommandExecutor.java:83)
	at org.openqa.selenium.remote.RemoteWebDriver.execute(RemoteWebDriver.java:552)
	at org.openqa.selenium.remote.RemoteWebDriver.startSession(RemoteWebDriver.java:213)
	at org.openqa.selenium.remote.RemoteWebDriver.&lt;init&gt;(RemoteWebDriver.java:131)
	at org.openqa.selenium.chrome.ChromeDriver.&lt;init&gt;(ChromeDriver.java:181)
	at org.openqa.selenium.chrome.ChromeDriver.&lt;init&gt;(ChromeDriver.java:168)
	at org.openqa.selenium.chrome.ChromeDriver.&lt;init&gt;(ChromeDriver.java:123)
	at tests.TestBase.StartDriver(TestBase.java:23)
... Removed 25 stack frames
</div> <!-- stack-trace -->
                </div> <!-- method-content -->
              </div> <!-- method -->
              <div class="method">
                <div class="method-content">
                  <a name="addToCart">
                  </a> <!-- addToCart -->
                  <span class="method-name">addToCart</span>
                  <div class="stack-trace">org.openqa.selenium.WebDriverException: disconnected: received Inspector.detached event
  (failed to check if window was closed: disconnected: not connected to DevTools)
  (Session info: chrome=113.0.5672.127)
Build info: version: &apos;3.141.59&apos;, revision: &apos;e82be7d358&apos;, time: &apos;2018-11-14T08:17:03&apos;
System info: host: &apos;DESKTOP-RQA8NQN&apos;, ip: &apos;169.254.200.206&apos;, os.name: &apos;Windows 10&apos;, os.arch: &apos;amd64&apos;, os.version: &apos;10.0&apos;, java.version: &apos;17.0.1&apos;
Driver info: driver.version: ChromeDriver
remote stacktrace: Backtrace:
	GetHandleVerifier [0x008E8893+48451]
	(No symbol) [0x0087B8A1]
	(No symbol) [0x00785058]
	(No symbol) [0x0077924D]
	(No symbol) [0x00778DDD]
	(No symbol) [0x00778175]
	(No symbol) [0x0077810C]
	(No symbol) [0x00776D46]
	(No symbol) [0x007774A8]
	(No symbol) [0x007764C5]
	(No symbol) [0x00780E16]
	(No symbol) [0x007762F5]
	(No symbol) [0x00777E2A]
	(No symbol) [0x00776D46]
	(No symbol) [0x007774A8]
	(No symbol) [0x007764C5]
	(No symbol) [0x0077E676]
	(No symbol) [0x007762F5]
	(No symbol) [0x00777E2A]
	(No symbol) [0x00776D46]
	(No symbol) [0x007774A8]
	(No symbol) [0x007764C5]
	(No symbol) [0x0077C77B]
	(No symbol) [0x007762F5]
	(No symbol) [0x00777E2A]
	(No symbol) [0x00776D46]
	(No symbol) [0x007774A8]
	(No symbol) [0x007764C5]
	(No symbol) [0x00770BEF]
	(No symbol) [0x007762F5]
	(No symbol) [0x00775C9D]
	(No symbol) [0x0077597C]
	(No symbol) [0x007863F3]
	(No symbol) [0x0076C823]
	(No symbol) [0x0076BF15]
	(No symbol) [0x007D0853]
	(No symbol) [0x007D047C]
	(No symbol) [0x007CA0B6]
	(No symbol) [0x007A7E08]
	(No symbol) [0x007A8F2D]
	GetHandleVerifier [0x00B48E3A+2540266]
	GetHandleVerifier [0x00B88959+2801161]
	GetHandleVerifier [0x00B8295C+2776588]
	GetHandleVerifier [0x00972280+612144]
	(No symbol) [0x00884F6C]
	(No symbol) [0x008811D8]
	(No symbol) [0x008812BB]
	(No symbol) [0x00874857]
	BaseThreadInitThunk [0x76E26BA9+25]
	RtlGetFullPathName_UEx [0x77288F9F+1215]
	RtlGetFullPathName_UEx [0x77288F6D+1165]

	at org.openqa.selenium.remote.W3CHandshakeResponse.lambda$errorHandler$0(W3CHandshakeResponse.java:62)
	at org.openqa.selenium.remote.HandshakeResponse.lambda$getResponseFunction$0(HandshakeResponse.java:30)
	at org.openqa.selenium.remote.ProtocolHandshake.lambda$createSession$0(ProtocolHandshake.java:126)
	at java.base/java.util.stream.ReferencePipeline$3$1.accept(ReferencePipeline.java:197)
	at java.base/java.util.Spliterators$ArraySpliterator.tryAdvance(Spliterators.java:1002)
	at java.base/java.util.stream.ReferencePipeline.forEachWithCancel(ReferencePipeline.java:129)
	at java.base/java.util.stream.AbstractPipeline.copyIntoWithCancel(AbstractPipeline.java:527)
	at java.base/java.util.stream.AbstractPipeline.copyInto(AbstractPipeline.java:513)
	at java.base/java.util.stream.AbstractPipeline.wrapAndCopyInto(AbstractPipeline.java:499)
	at java.base/java.util.stream.FindOps$FindOp.evaluateSequential(FindOps.java:150)
	at java.base/java.util.stream.AbstractPipeline.evaluate(AbstractPipeline.java:234)
	at java.base/java.util.stream.ReferencePipeline.findFirst(ReferencePipeline.java:647)
	at org.openqa.selenium.remote.ProtocolHandshake.createSession(ProtocolHandshake.java:128)
	at org.openqa.selenium.remote.ProtocolHandshake.createSession(ProtocolHandshake.java:74)
	at org.openqa.selenium.remote.HttpCommandExecutor.execute(HttpCommandExecutor.java:136)
	at org.openqa.selenium.remote.service.DriverCommandExecutor.execute(DriverCommandExecutor.java:83)
	at org.openqa.selenium.remote.RemoteWebDriver.execute(RemoteWebDriver.java:552)
	at org.openqa.selenium.remote.RemoteWebDriver.startSession(RemoteWebDriver.java:213)
	at org.openqa.selenium.remote.RemoteWebDriver.&lt;init&gt;(RemoteWebDriver.java:131)
	at org.openqa.selenium.chrome.ChromeDriver.&lt;init&gt;(ChromeDriver.java:181)
	at org.openqa.selenium.chrome.ChromeDriver.&lt;init&gt;(ChromeDriver.java:168)
	at org.openqa.selenium.chrome.ChromeDriver.&lt;init&gt;(ChromeDriver.java:123)
	at tests.TestBase.StartDriver(TestBase.java:23)
... Removed 25 stack frames
</div> <!-- stack-trace -->
                </div> <!-- method-content -->
              </div> <!-- method -->
            </div> <!-- main-panel-content rounded-window-bottom -->
          </div> <!-- suite-Suite-class-skipped -->
          <div class="suite-Suite-class-skipped">
            <div class="main-panel-header rounded-window-top">
              <img src="skipped.png"/>
              <span class="class-name">tests.CheckoutTC3</span>
            </div> <!-- main-panel-header rounded-window-top -->
            <div class="main-panel-content rounded-window-bottom">
              <div class="method">
                <div class="method-content">
                  <a name="Checkout">
                  </a> <!-- Checkout -->
                  <span class="method-name">Checkout</span>
                  <div class="stack-trace">org.openqa.selenium.WebDriverException: disconnected: received Inspector.detached event
  (failed to check if window was closed: disconnected: not connected to DevTools)
  (Session info: chrome=113.0.5672.127)
Build info: version: &apos;3.141.59&apos;, revision: &apos;e82be7d358&apos;, time: &apos;2018-11-14T08:17:03&apos;
System info: host: &apos;DESKTOP-RQA8NQN&apos;, ip: &apos;169.254.200.206&apos;, os.name: &apos;Windows 10&apos;, os.arch: &apos;amd64&apos;, os.version: &apos;10.0&apos;, java.version: &apos;17.0.1&apos;
Driver info: driver.version: ChromeDriver
remote stacktrace: Backtrace:
	GetHandleVerifier [0x008E8893+48451]
	(No symbol) [0x0087B8A1]
	(No symbol) [0x00785058]
	(No symbol) [0x0077924D]
	(No symbol) [0x00778DDD]
	(No symbol) [0x00778175]
	(No symbol) [0x0077810C]
	(No symbol) [0x00776D46]
	(No symbol) [0x007774A8]
	(No symbol) [0x007764C5]
	(No symbol) [0x00780E16]
	(No symbol) [0x007762F5]
	(No symbol) [0x00777E2A]
	(No symbol) [0x00776D46]
	(No symbol) [0x007774A8]
	(No symbol) [0x007764C5]
	(No symbol) [0x0077E676]
	(No symbol) [0x007762F5]
	(No symbol) [0x00777E2A]
	(No symbol) [0x00776D46]
	(No symbol) [0x007774A8]
	(No symbol) [0x007764C5]
	(No symbol) [0x0077C77B]
	(No symbol) [0x007762F5]
	(No symbol) [0x00777E2A]
	(No symbol) [0x00776D46]
	(No symbol) [0x007774A8]
	(No symbol) [0x007764C5]
	(No symbol) [0x00770BEF]
	(No symbol) [0x007762F5]
	(No symbol) [0x00775C9D]
	(No symbol) [0x0077597C]
	(No symbol) [0x007863F3]
	(No symbol) [0x0076C823]
	(No symbol) [0x0076BF15]
	(No symbol) [0x007D0853]
	(No symbol) [0x007D047C]
	(No symbol) [0x007CA0B6]
	(No symbol) [0x007A7E08]
	(No symbol) [0x007A8F2D]
	GetHandleVerifier [0x00B48E3A+2540266]
	GetHandleVerifier [0x00B88959+2801161]
	GetHandleVerifier [0x00B8295C+2776588]
	GetHandleVerifier [0x00972280+612144]
	(No symbol) [0x00884F6C]
	(No symbol) [0x008811D8]
	(No symbol) [0x008812BB]
	(No symbol) [0x00874857]
	BaseThreadInitThunk [0x76E26BA9+25]
	RtlGetFullPathName_UEx [0x77288F9F+1215]
	RtlGetFullPathName_UEx [0x77288F6D+1165]

	at org.openqa.selenium.remote.W3CHandshakeResponse.lambda$errorHandler$0(W3CHandshakeResponse.java:62)
	at org.openqa.selenium.remote.HandshakeResponse.lambda$getResponseFunction$0(HandshakeResponse.java:30)
	at org.openqa.selenium.remote.ProtocolHandshake.lambda$createSession$0(ProtocolHandshake.java:126)
	at java.base/java.util.stream.ReferencePipeline$3$1.accept(ReferencePipeline.java:197)
	at java.base/java.util.Spliterators$ArraySpliterator.tryAdvance(Spliterators.java:1002)
	at java.base/java.util.stream.ReferencePipeline.forEachWithCancel(ReferencePipeline.java:129)
	at java.base/java.util.stream.AbstractPipeline.copyIntoWithCancel(AbstractPipeline.java:527)
	at java.base/java.util.stream.AbstractPipeline.copyInto(AbstractPipeline.java:513)
	at java.base/java.util.stream.AbstractPipeline.wrapAndCopyInto(AbstractPipeline.java:499)
	at java.base/java.util.stream.FindOps$FindOp.evaluateSequential(FindOps.java:150)
	at java.base/java.util.stream.AbstractPipeline.evaluate(AbstractPipeline.java:234)
	at java.base/java.util.stream.ReferencePipeline.findFirst(ReferencePipeline.java:647)
	at org.openqa.selenium.remote.ProtocolHandshake.createSession(ProtocolHandshake.java:128)
	at org.openqa.selenium.remote.ProtocolHandshake.createSession(ProtocolHandshake.java:74)
	at org.openqa.selenium.remote.HttpCommandExecutor.execute(HttpCommandExecutor.java:136)
	at org.openqa.selenium.remote.service.DriverCommandExecutor.execute(DriverCommandExecutor.java:83)
	at org.openqa.selenium.remote.RemoteWebDriver.execute(RemoteWebDriver.java:552)
	at org.openqa.selenium.remote.RemoteWebDriver.startSession(RemoteWebDriver.java:213)
	at org.openqa.selenium.remote.RemoteWebDriver.&lt;init&gt;(RemoteWebDriver.java:131)
	at org.openqa.selenium.chrome.ChromeDriver.&lt;init&gt;(ChromeDriver.java:181)
	at org.openqa.selenium.chrome.ChromeDriver.&lt;init&gt;(ChromeDriver.java:168)
	at org.openqa.selenium.chrome.ChromeDriver.&lt;init&gt;(ChromeDriver.java:123)
	at tests.TestBase.StartDriver(TestBase.java:23)
... Removed 25 stack frames
</div> <!-- stack-trace -->
                </div> <!-- method-content -->
              </div> <!-- method -->
              <div class="method">
                <div class="method-content">
                  <a name="Login">
                  </a> <!-- Login -->
                  <span class="method-name">Login</span>
                  <div class="stack-trace">org.openqa.selenium.WebDriverException: disconnected: received Inspector.detached event
  (failed to check if window was closed: disconnected: not connected to DevTools)
  (Session info: chrome=113.0.5672.127)
Build info: version: &apos;3.141.59&apos;, revision: &apos;e82be7d358&apos;, time: &apos;2018-11-14T08:17:03&apos;
System info: host: &apos;DESKTOP-RQA8NQN&apos;, ip: &apos;169.254.200.206&apos;, os.name: &apos;Windows 10&apos;, os.arch: &apos;amd64&apos;, os.version: &apos;10.0&apos;, java.version: &apos;17.0.1&apos;
Driver info: driver.version: ChromeDriver
remote stacktrace: Backtrace:
	GetHandleVerifier [0x008E8893+48451]
	(No symbol) [0x0087B8A1]
	(No symbol) [0x00785058]
	(No symbol) [0x0077924D]
	(No symbol) [0x00778DDD]
	(No symbol) [0x00778175]
	(No symbol) [0x0077810C]
	(No symbol) [0x00776D46]
	(No symbol) [0x007774A8]
	(No symbol) [0x007764C5]
	(No symbol) [0x00780E16]
	(No symbol) [0x007762F5]
	(No symbol) [0x00777E2A]
	(No symbol) [0x00776D46]
	(No symbol) [0x007774A8]
	(No symbol) [0x007764C5]
	(No symbol) [0x0077E676]
	(No symbol) [0x007762F5]
	(No symbol) [0x00777E2A]
	(No symbol) [0x00776D46]
	(No symbol) [0x007774A8]
	(No symbol) [0x007764C5]
	(No symbol) [0x0077C77B]
	(No symbol) [0x007762F5]
	(No symbol) [0x00777E2A]
	(No symbol) [0x00776D46]
	(No symbol) [0x007774A8]
	(No symbol) [0x007764C5]
	(No symbol) [0x00770BEF]
	(No symbol) [0x007762F5]
	(No symbol) [0x00775C9D]
	(No symbol) [0x0077597C]
	(No symbol) [0x007863F3]
	(No symbol) [0x0076C823]
	(No symbol) [0x0076BF15]
	(No symbol) [0x007D0853]
	(No symbol) [0x007D047C]
	(No symbol) [0x007CA0B6]
	(No symbol) [0x007A7E08]
	(No symbol) [0x007A8F2D]
	GetHandleVerifier [0x00B48E3A+2540266]
	GetHandleVerifier [0x00B88959+2801161]
	GetHandleVerifier [0x00B8295C+2776588]
	GetHandleVerifier [0x00972280+612144]
	(No symbol) [0x00884F6C]
	(No symbol) [0x008811D8]
	(No symbol) [0x008812BB]
	(No symbol) [0x00874857]
	BaseThreadInitThunk [0x76E26BA9+25]
	RtlGetFullPathName_UEx [0x77288F9F+1215]
	RtlGetFullPathName_UEx [0x77288F6D+1165]

	at org.openqa.selenium.remote.W3CHandshakeResponse.lambda$errorHandler$0(W3CHandshakeResponse.java:62)
	at org.openqa.selenium.remote.HandshakeResponse.lambda$getResponseFunction$0(HandshakeResponse.java:30)
	at org.openqa.selenium.remote.ProtocolHandshake.lambda$createSession$0(ProtocolHandshake.java:126)
	at java.base/java.util.stream.ReferencePipeline$3$1.accept(ReferencePipeline.java:197)
	at java.base/java.util.Spliterators$ArraySpliterator.tryAdvance(Spliterators.java:1002)
	at java.base/java.util.stream.ReferencePipeline.forEachWithCancel(ReferencePipeline.java:129)
	at java.base/java.util.stream.AbstractPipeline.copyIntoWithCancel(AbstractPipeline.java:527)
	at java.base/java.util.stream.AbstractPipeline.copyInto(AbstractPipeline.java:513)
	at java.base/java.util.stream.AbstractPipeline.wrapAndCopyInto(AbstractPipeline.java:499)
	at java.base/java.util.stream.FindOps$FindOp.evaluateSequential(FindOps.java:150)
	at java.base/java.util.stream.AbstractPipeline.evaluate(AbstractPipeline.java:234)
	at java.base/java.util.stream.ReferencePipeline.findFirst(ReferencePipeline.java:647)
	at org.openqa.selenium.remote.ProtocolHandshake.createSession(ProtocolHandshake.java:128)
	at org.openqa.selenium.remote.ProtocolHandshake.createSession(ProtocolHandshake.java:74)
	at org.openqa.selenium.remote.HttpCommandExecutor.execute(HttpCommandExecutor.java:136)
	at org.openqa.selenium.remote.service.DriverCommandExecutor.execute(DriverCommandExecutor.java:83)
	at org.openqa.selenium.remote.RemoteWebDriver.execute(RemoteWebDriver.java:552)
	at org.openqa.selenium.remote.RemoteWebDriver.startSession(RemoteWebDriver.java:213)
	at org.openqa.selenium.remote.RemoteWebDriver.&lt;init&gt;(RemoteWebDriver.java:131)
	at org.openqa.selenium.chrome.ChromeDriver.&lt;init&gt;(ChromeDriver.java:181)
	at org.openqa.selenium.chrome.ChromeDriver.&lt;init&gt;(ChromeDriver.java:168)
	at org.openqa.selenium.chrome.ChromeDriver.&lt;init&gt;(ChromeDriver.java:123)
	at tests.TestBase.StartDriver(TestBase.java:23)
... Removed 25 stack frames
</div> <!-- stack-trace -->
                </div> <!-- method-content -->
              </div> <!-- method -->
              <div class="method">
                <div class="method-content">
                  <a name="addToCart">
                  </a> <!-- addToCart -->
                  <span class="method-name">addToCart</span>
                  <div class="stack-trace">org.openqa.selenium.WebDriverException: disconnected: received Inspector.detached event
  (failed to check if window was closed: disconnected: not connected to DevTools)
  (Session info: chrome=113.0.5672.127)
Build info: version: &apos;3.141.59&apos;, revision: &apos;e82be7d358&apos;, time: &apos;2018-11-14T08:17:03&apos;
System info: host: &apos;DESKTOP-RQA8NQN&apos;, ip: &apos;169.254.200.206&apos;, os.name: &apos;Windows 10&apos;, os.arch: &apos;amd64&apos;, os.version: &apos;10.0&apos;, java.version: &apos;17.0.1&apos;
Driver info: driver.version: ChromeDriver
remote stacktrace: Backtrace:
	GetHandleVerifier [0x008E8893+48451]
	(No symbol) [0x0087B8A1]
	(No symbol) [0x00785058]
	(No symbol) [0x0077924D]
	(No symbol) [0x00778DDD]
	(No symbol) [0x00778175]
	(No symbol) [0x0077810C]
	(No symbol) [0x00776D46]
	(No symbol) [0x007774A8]
	(No symbol) [0x007764C5]
	(No symbol) [0x00780E16]
	(No symbol) [0x007762F5]
	(No symbol) [0x00777E2A]
	(No symbol) [0x00776D46]
	(No symbol) [0x007774A8]
	(No symbol) [0x007764C5]
	(No symbol) [0x0077E676]
	(No symbol) [0x007762F5]
	(No symbol) [0x00777E2A]
	(No symbol) [0x00776D46]
	(No symbol) [0x007774A8]
	(No symbol) [0x007764C5]
	(No symbol) [0x0077C77B]
	(No symbol) [0x007762F5]
	(No symbol) [0x00777E2A]
	(No symbol) [0x00776D46]
	(No symbol) [0x007774A8]
	(No symbol) [0x007764C5]
	(No symbol) [0x00770BEF]
	(No symbol) [0x007762F5]
	(No symbol) [0x00775C9D]
	(No symbol) [0x0077597C]
	(No symbol) [0x007863F3]
	(No symbol) [0x0076C823]
	(No symbol) [0x0076BF15]
	(No symbol) [0x007D0853]
	(No symbol) [0x007D047C]
	(No symbol) [0x007CA0B6]
	(No symbol) [0x007A7E08]
	(No symbol) [0x007A8F2D]
	GetHandleVerifier [0x00B48E3A+2540266]
	GetHandleVerifier [0x00B88959+2801161]
	GetHandleVerifier [0x00B8295C+2776588]
	GetHandleVerifier [0x00972280+612144]
	(No symbol) [0x00884F6C]
	(No symbol) [0x008811D8]
	(No symbol) [0x008812BB]
	(No symbol) [0x00874857]
	BaseThreadInitThunk [0x76E26BA9+25]
	RtlGetFullPathName_UEx [0x77288F9F+1215]
	RtlGetFullPathName_UEx [0x77288F6D+1165]

	at org.openqa.selenium.remote.W3CHandshakeResponse.lambda$errorHandler$0(W3CHandshakeResponse.java:62)
	at org.openqa.selenium.remote.HandshakeResponse.lambda$getResponseFunction$0(HandshakeResponse.java:30)
	at org.openqa.selenium.remote.ProtocolHandshake.lambda$createSession$0(ProtocolHandshake.java:126)
	at java.base/java.util.stream.ReferencePipeline$3$1.accept(ReferencePipeline.java:197)
	at java.base/java.util.Spliterators$ArraySpliterator.tryAdvance(Spliterators.java:1002)
	at java.base/java.util.stream.ReferencePipeline.forEachWithCancel(ReferencePipeline.java:129)
	at java.base/java.util.stream.AbstractPipeline.copyIntoWithCancel(AbstractPipeline.java:527)
	at java.base/java.util.stream.AbstractPipeline.copyInto(AbstractPipeline.java:513)
	at java.base/java.util.stream.AbstractPipeline.wrapAndCopyInto(AbstractPipeline.java:499)
	at java.base/java.util.stream.FindOps$FindOp.evaluateSequential(FindOps.java:150)
	at java.base/java.util.stream.AbstractPipeline.evaluate(AbstractPipeline.java:234)
	at java.base/java.util.stream.ReferencePipeline.findFirst(ReferencePipeline.java:647)
	at org.openqa.selenium.remote.ProtocolHandshake.createSession(ProtocolHandshake.java:128)
	at org.openqa.selenium.remote.ProtocolHandshake.createSession(ProtocolHandshake.java:74)
	at org.openqa.selenium.remote.HttpCommandExecutor.execute(HttpCommandExecutor.java:136)
	at org.openqa.selenium.remote.service.DriverCommandExecutor.execute(DriverCommandExecutor.java:83)
	at org.openqa.selenium.remote.RemoteWebDriver.execute(RemoteWebDriver.java:552)
	at org.openqa.selenium.remote.RemoteWebDriver.startSession(RemoteWebDriver.java:213)
	at org.openqa.selenium.remote.RemoteWebDriver.&lt;init&gt;(RemoteWebDriver.java:131)
	at org.openqa.selenium.chrome.ChromeDriver.&lt;init&gt;(ChromeDriver.java:181)
	at org.openqa.selenium.chrome.ChromeDriver.&lt;init&gt;(ChromeDriver.java:168)
	at org.openqa.selenium.chrome.ChromeDriver.&lt;init&gt;(ChromeDriver.java:123)
	at tests.TestBase.StartDriver(TestBase.java:23)
... Removed 25 stack frames
</div> <!-- stack-trace -->
                </div> <!-- method-content -->
              </div> <!-- method -->
            </div> <!-- main-panel-content rounded-window-bottom -->
          </div> <!-- suite-Suite-class-skipped -->
          <div class="suite-Suite-class-skipped">
            <div class="main-panel-header rounded-window-top">
              <img src="skipped.png"/>
              <span class="class-name">tests.ChekoutTC2</span>
            </div> <!-- main-panel-header rounded-window-top -->
            <div class="main-panel-content rounded-window-bottom">
              <div class="method">
                <div class="method-content">
                  <a name="Checkout">
                  </a> <!-- Checkout -->
                  <span class="method-name">Checkout</span>
                  <div class="stack-trace">org.openqa.selenium.WebDriverException: disconnected: received Inspector.detached event
  (failed to check if window was closed: disconnected: not connected to DevTools)
  (Session info: chrome=113.0.5672.127)
Build info: version: &apos;3.141.59&apos;, revision: &apos;e82be7d358&apos;, time: &apos;2018-11-14T08:17:03&apos;
System info: host: &apos;DESKTOP-RQA8NQN&apos;, ip: &apos;169.254.200.206&apos;, os.name: &apos;Windows 10&apos;, os.arch: &apos;amd64&apos;, os.version: &apos;10.0&apos;, java.version: &apos;17.0.1&apos;
Driver info: driver.version: ChromeDriver
remote stacktrace: Backtrace:
	GetHandleVerifier [0x008E8893+48451]
	(No symbol) [0x0087B8A1]
	(No symbol) [0x00785058]
	(No symbol) [0x0077924D]
	(No symbol) [0x00778DDD]
	(No symbol) [0x00778175]
	(No symbol) [0x0077810C]
	(No symbol) [0x00776D46]
	(No symbol) [0x007774A8]
	(No symbol) [0x007764C5]
	(No symbol) [0x00780E16]
	(No symbol) [0x007762F5]
	(No symbol) [0x00777E2A]
	(No symbol) [0x00776D46]
	(No symbol) [0x007774A8]
	(No symbol) [0x007764C5]
	(No symbol) [0x0077E676]
	(No symbol) [0x007762F5]
	(No symbol) [0x00777E2A]
	(No symbol) [0x00776D46]
	(No symbol) [0x007774A8]
	(No symbol) [0x007764C5]
	(No symbol) [0x0077C77B]
	(No symbol) [0x007762F5]
	(No symbol) [0x00777E2A]
	(No symbol) [0x00776D46]
	(No symbol) [0x007774A8]
	(No symbol) [0x007764C5]
	(No symbol) [0x00770BEF]
	(No symbol) [0x007762F5]
	(No symbol) [0x00775C9D]
	(No symbol) [0x0077597C]
	(No symbol) [0x007863F3]
	(No symbol) [0x0076C823]
	(No symbol) [0x0076BF15]
	(No symbol) [0x007D0853]
	(No symbol) [0x007D047C]
	(No symbol) [0x007CA0B6]
	(No symbol) [0x007A7E08]
	(No symbol) [0x007A8F2D]
	GetHandleVerifier [0x00B48E3A+2540266]
	GetHandleVerifier [0x00B88959+2801161]
	GetHandleVerifier [0x00B8295C+2776588]
	GetHandleVerifier [0x00972280+612144]
	(No symbol) [0x00884F6C]
	(No symbol) [0x008811D8]
	(No symbol) [0x008812BB]
	(No symbol) [0x00874857]
	BaseThreadInitThunk [0x76E26BA9+25]
	RtlGetFullPathName_UEx [0x77288F9F+1215]
	RtlGetFullPathName_UEx [0x77288F6D+1165]

	at org.openqa.selenium.remote.W3CHandshakeResponse.lambda$errorHandler$0(W3CHandshakeResponse.java:62)
	at org.openqa.selenium.remote.HandshakeResponse.lambda$getResponseFunction$0(HandshakeResponse.java:30)
	at org.openqa.selenium.remote.ProtocolHandshake.lambda$createSession$0(ProtocolHandshake.java:126)
	at java.base/java.util.stream.ReferencePipeline$3$1.accept(ReferencePipeline.java:197)
	at java.base/java.util.Spliterators$ArraySpliterator.tryAdvance(Spliterators.java:1002)
	at java.base/java.util.stream.ReferencePipeline.forEachWithCancel(ReferencePipeline.java:129)
	at java.base/java.util.stream.AbstractPipeline.copyIntoWithCancel(AbstractPipeline.java:527)
	at java.base/java.util.stream.AbstractPipeline.copyInto(AbstractPipeline.java:513)
	at java.base/java.util.stream.AbstractPipeline.wrapAndCopyInto(AbstractPipeline.java:499)
	at java.base/java.util.stream.FindOps$FindOp.evaluateSequential(FindOps.java:150)
	at java.base/java.util.stream.AbstractPipeline.evaluate(AbstractPipeline.java:234)
	at java.base/java.util.stream.ReferencePipeline.findFirst(ReferencePipeline.java:647)
	at org.openqa.selenium.remote.ProtocolHandshake.createSession(ProtocolHandshake.java:128)
	at org.openqa.selenium.remote.ProtocolHandshake.createSession(ProtocolHandshake.java:74)
	at org.openqa.selenium.remote.HttpCommandExecutor.execute(HttpCommandExecutor.java:136)
	at org.openqa.selenium.remote.service.DriverCommandExecutor.execute(DriverCommandExecutor.java:83)
	at org.openqa.selenium.remote.RemoteWebDriver.execute(RemoteWebDriver.java:552)
	at org.openqa.selenium.remote.RemoteWebDriver.startSession(RemoteWebDriver.java:213)
	at org.openqa.selenium.remote.RemoteWebDriver.&lt;init&gt;(RemoteWebDriver.java:131)
	at org.openqa.selenium.chrome.ChromeDriver.&lt;init&gt;(ChromeDriver.java:181)
	at org.openqa.selenium.chrome.ChromeDriver.&lt;init&gt;(ChromeDriver.java:168)
	at org.openqa.selenium.chrome.ChromeDriver.&lt;init&gt;(ChromeDriver.java:123)
	at tests.TestBase.StartDriver(TestBase.java:23)
... Removed 25 stack frames
</div> <!-- stack-trace -->
                </div> <!-- method-content -->
              </div> <!-- method -->
              <div class="method">
                <div class="method-content">
                  <a name="Login">
                  </a> <!-- Login -->
                  <span class="method-name">Login</span>
                  <div class="stack-trace">org.openqa.selenium.WebDriverException: disconnected: received Inspector.detached event
  (failed to check if window was closed: disconnected: not connected to DevTools)
  (Session info: chrome=113.0.5672.127)
Build info: version: &apos;3.141.59&apos;, revision: &apos;e82be7d358&apos;, time: &apos;2018-11-14T08:17:03&apos;
System info: host: &apos;DESKTOP-RQA8NQN&apos;, ip: &apos;169.254.200.206&apos;, os.name: &apos;Windows 10&apos;, os.arch: &apos;amd64&apos;, os.version: &apos;10.0&apos;, java.version: &apos;17.0.1&apos;
Driver info: driver.version: ChromeDriver
remote stacktrace: Backtrace:
	GetHandleVerifier [0x008E8893+48451]
	(No symbol) [0x0087B8A1]
	(No symbol) [0x00785058]
	(No symbol) [0x0077924D]
	(No symbol) [0x00778DDD]
	(No symbol) [0x00778175]
	(No symbol) [0x0077810C]
	(No symbol) [0x00776D46]
	(No symbol) [0x007774A8]
	(No symbol) [0x007764C5]
	(No symbol) [0x00780E16]
	(No symbol) [0x007762F5]
	(No symbol) [0x00777E2A]
	(No symbol) [0x00776D46]
	(No symbol) [0x007774A8]
	(No symbol) [0x007764C5]
	(No symbol) [0x0077E676]
	(No symbol) [0x007762F5]
	(No symbol) [0x00777E2A]
	(No symbol) [0x00776D46]
	(No symbol) [0x007774A8]
	(No symbol) [0x007764C5]
	(No symbol) [0x0077C77B]
	(No symbol) [0x007762F5]
	(No symbol) [0x00777E2A]
	(No symbol) [0x00776D46]
	(No symbol) [0x007774A8]
	(No symbol) [0x007764C5]
	(No symbol) [0x00770BEF]
	(No symbol) [0x007762F5]
	(No symbol) [0x00775C9D]
	(No symbol) [0x0077597C]
	(No symbol) [0x007863F3]
	(No symbol) [0x0076C823]
	(No symbol) [0x0076BF15]
	(No symbol) [0x007D0853]
	(No symbol) [0x007D047C]
	(No symbol) [0x007CA0B6]
	(No symbol) [0x007A7E08]
	(No symbol) [0x007A8F2D]
	GetHandleVerifier [0x00B48E3A+2540266]
	GetHandleVerifier [0x00B88959+2801161]
	GetHandleVerifier [0x00B8295C+2776588]
	GetHandleVerifier [0x00972280+612144]
	(No symbol) [0x00884F6C]
	(No symbol) [0x008811D8]
	(No symbol) [0x008812BB]
	(No symbol) [0x00874857]
	BaseThreadInitThunk [0x76E26BA9+25]
	RtlGetFullPathName_UEx [0x77288F9F+1215]
	RtlGetFullPathName_UEx [0x77288F6D+1165]

	at org.openqa.selenium.remote.W3CHandshakeResponse.lambda$errorHandler$0(W3CHandshakeResponse.java:62)
	at org.openqa.selenium.remote.HandshakeResponse.lambda$getResponseFunction$0(HandshakeResponse.java:30)
	at org.openqa.selenium.remote.ProtocolHandshake.lambda$createSession$0(ProtocolHandshake.java:126)
	at java.base/java.util.stream.ReferencePipeline$3$1.accept(ReferencePipeline.java:197)
	at java.base/java.util.Spliterators$ArraySpliterator.tryAdvance(Spliterators.java:1002)
	at java.base/java.util.stream.ReferencePipeline.forEachWithCancel(ReferencePipeline.java:129)
	at java.base/java.util.stream.AbstractPipeline.copyIntoWithCancel(AbstractPipeline.java:527)
	at java.base/java.util.stream.AbstractPipeline.copyInto(AbstractPipeline.java:513)
	at java.base/java.util.stream.AbstractPipeline.wrapAndCopyInto(AbstractPipeline.java:499)
	at java.base/java.util.stream.FindOps$FindOp.evaluateSequential(FindOps.java:150)
	at java.base/java.util.stream.AbstractPipeline.evaluate(AbstractPipeline.java:234)
	at java.base/java.util.stream.ReferencePipeline.findFirst(ReferencePipeline.java:647)
	at org.openqa.selenium.remote.ProtocolHandshake.createSession(ProtocolHandshake.java:128)
	at org.openqa.selenium.remote.ProtocolHandshake.createSession(ProtocolHandshake.java:74)
	at org.openqa.selenium.remote.HttpCommandExecutor.execute(HttpCommandExecutor.java:136)
	at org.openqa.selenium.remote.service.DriverCommandExecutor.execute(DriverCommandExecutor.java:83)
	at org.openqa.selenium.remote.RemoteWebDriver.execute(RemoteWebDriver.java:552)
	at org.openqa.selenium.remote.RemoteWebDriver.startSession(RemoteWebDriver.java:213)
	at org.openqa.selenium.remote.RemoteWebDriver.&lt;init&gt;(RemoteWebDriver.java:131)
	at org.openqa.selenium.chrome.ChromeDriver.&lt;init&gt;(ChromeDriver.java:181)
	at org.openqa.selenium.chrome.ChromeDriver.&lt;init&gt;(ChromeDriver.java:168)
	at org.openqa.selenium.chrome.ChromeDriver.&lt;init&gt;(ChromeDriver.java:123)
	at tests.TestBase.StartDriver(TestBase.java:23)
... Removed 25 stack frames
</div> <!-- stack-trace -->
                </div> <!-- method-content -->
              </div> <!-- method -->
              <div class="method">
                <div class="method-content">
                  <a name="addToCart">
                  </a> <!-- addToCart -->
                  <span class="method-name">addToCart</span>
                  <div class="stack-trace">org.openqa.selenium.WebDriverException: disconnected: received Inspector.detached event
  (failed to check if window was closed: disconnected: not connected to DevTools)
  (Session info: chrome=113.0.5672.127)
Build info: version: &apos;3.141.59&apos;, revision: &apos;e82be7d358&apos;, time: &apos;2018-11-14T08:17:03&apos;
System info: host: &apos;DESKTOP-RQA8NQN&apos;, ip: &apos;169.254.200.206&apos;, os.name: &apos;Windows 10&apos;, os.arch: &apos;amd64&apos;, os.version: &apos;10.0&apos;, java.version: &apos;17.0.1&apos;
Driver info: driver.version: ChromeDriver
remote stacktrace: Backtrace:
	GetHandleVerifier [0x008E8893+48451]
	(No symbol) [0x0087B8A1]
	(No symbol) [0x00785058]
	(No symbol) [0x0077924D]
	(No symbol) [0x00778DDD]
	(No symbol) [0x00778175]
	(No symbol) [0x0077810C]
	(No symbol) [0x00776D46]
	(No symbol) [0x007774A8]
	(No symbol) [0x007764C5]
	(No symbol) [0x00780E16]
	(No symbol) [0x007762F5]
	(No symbol) [0x00777E2A]
	(No symbol) [0x00776D46]
	(No symbol) [0x007774A8]
	(No symbol) [0x007764C5]
	(No symbol) [0x0077E676]
	(No symbol) [0x007762F5]
	(No symbol) [0x00777E2A]
	(No symbol) [0x00776D46]
	(No symbol) [0x007774A8]
	(No symbol) [0x007764C5]
	(No symbol) [0x0077C77B]
	(No symbol) [0x007762F5]
	(No symbol) [0x00777E2A]
	(No symbol) [0x00776D46]
	(No symbol) [0x007774A8]
	(No symbol) [0x007764C5]
	(No symbol) [0x00770BEF]
	(No symbol) [0x007762F5]
	(No symbol) [0x00775C9D]
	(No symbol) [0x0077597C]
	(No symbol) [0x007863F3]
	(No symbol) [0x0076C823]
	(No symbol) [0x0076BF15]
	(No symbol) [0x007D0853]
	(No symbol) [0x007D047C]
	(No symbol) [0x007CA0B6]
	(No symbol) [0x007A7E08]
	(No symbol) [0x007A8F2D]
	GetHandleVerifier [0x00B48E3A+2540266]
	GetHandleVerifier [0x00B88959+2801161]
	GetHandleVerifier [0x00B8295C+2776588]
	GetHandleVerifier [0x00972280+612144]
	(No symbol) [0x00884F6C]
	(No symbol) [0x008811D8]
	(No symbol) [0x008812BB]
	(No symbol) [0x00874857]
	BaseThreadInitThunk [0x76E26BA9+25]
	RtlGetFullPathName_UEx [0x77288F9F+1215]
	RtlGetFullPathName_UEx [0x77288F6D+1165]

	at org.openqa.selenium.remote.W3CHandshakeResponse.lambda$errorHandler$0(W3CHandshakeResponse.java:62)
	at org.openqa.selenium.remote.HandshakeResponse.lambda$getResponseFunction$0(HandshakeResponse.java:30)
	at org.openqa.selenium.remote.ProtocolHandshake.lambda$createSession$0(ProtocolHandshake.java:126)
	at java.base/java.util.stream.ReferencePipeline$3$1.accept(ReferencePipeline.java:197)
	at java.base/java.util.Spliterators$ArraySpliterator.tryAdvance(Spliterators.java:1002)
	at java.base/java.util.stream.ReferencePipeline.forEachWithCancel(ReferencePipeline.java:129)
	at java.base/java.util.stream.AbstractPipeline.copyIntoWithCancel(AbstractPipeline.java:527)
	at java.base/java.util.stream.AbstractPipeline.copyInto(AbstractPipeline.java:513)
	at java.base/java.util.stream.AbstractPipeline.wrapAndCopyInto(AbstractPipeline.java:499)
	at java.base/java.util.stream.FindOps$FindOp.evaluateSequential(FindOps.java:150)
	at java.base/java.util.stream.AbstractPipeline.evaluate(AbstractPipeline.java:234)
	at java.base/java.util.stream.ReferencePipeline.findFirst(ReferencePipeline.java:647)
	at org.openqa.selenium.remote.ProtocolHandshake.createSession(ProtocolHandshake.java:128)
	at org.openqa.selenium.remote.ProtocolHandshake.createSession(ProtocolHandshake.java:74)
	at org.openqa.selenium.remote.HttpCommandExecutor.execute(HttpCommandExecutor.java:136)
	at org.openqa.selenium.remote.service.DriverCommandExecutor.execute(DriverCommandExecutor.java:83)
	at org.openqa.selenium.remote.RemoteWebDriver.execute(RemoteWebDriver.java:552)
	at org.openqa.selenium.remote.RemoteWebDriver.startSession(RemoteWebDriver.java:213)
	at org.openqa.selenium.remote.RemoteWebDriver.&lt;init&gt;(RemoteWebDriver.java:131)
	at org.openqa.selenium.chrome.ChromeDriver.&lt;init&gt;(ChromeDriver.java:181)
	at org.openqa.selenium.chrome.ChromeDriver.&lt;init&gt;(ChromeDriver.java:168)
	at org.openqa.selenium.chrome.ChromeDriver.&lt;init&gt;(ChromeDriver.java:123)
	at tests.TestBase.StartDriver(TestBase.java:23)
... Removed 25 stack frames
</div> <!-- stack-trace -->
                </div> <!-- method-content -->
              </div> <!-- method -->
            </div> <!-- main-panel-content rounded-window-bottom -->
          </div> <!-- suite-Suite-class-skipped -->
        </div> <!-- panel Suite -->
        <div panel-name="test-xml-Suite" class="panel">
          <div class="main-panel-header rounded-window-top">
            <span class="header-content">C:\Users\Dell\eclipse-workspace\Enable-AutomationProject\testng.xml</span>
          </div> <!-- main-panel-header rounded-window-top -->
          <div class="main-panel-content rounded-window-bottom">
            <pre>
&lt;?xml version=&quot;1.0&quot; encoding=&quot;UTF-8&quot;?&gt;
&lt;!DOCTYPE suite SYSTEM &quot;http://testng.org/testng-1.0.dtd&quot;&gt;
&lt;suite name=&quot;Suite&quot; guice-stage=&quot;DEVELOPMENT&quot;&gt;
  &lt;test thread-count=&quot;5&quot; name=&quot;Test&quot;&gt;
    &lt;classes&gt;
      &lt;class name=&quot;tests.CheckOutTC1&quot;/&gt;
      &lt;class name=&quot;tests.ChekoutTC2&quot;/&gt;
      &lt;class name=&quot;tests.CheckoutTC3&quot;/&gt;
    &lt;/classes&gt;
  &lt;/test&gt; &lt;!-- Test --&gt;
&lt;/suite&gt; &lt;!-- Suite --&gt;
            </pre>
          </div> <!-- main-panel-content rounded-window-bottom -->
        </div> <!-- panel -->
        <div panel-name="testlist-Suite" class="panel">
          <div class="main-panel-header rounded-window-top">
            <span class="header-content">Tests for Suite</span>
          </div> <!-- main-panel-header rounded-window-top -->
          <div class="main-panel-content rounded-window-bottom">
            <ul>
              <li>
                <span class="test-name">Test (3 classes)</span>
              </li>
            </ul>
          </div> <!-- main-panel-content rounded-window-bottom -->
        </div> <!-- panel -->
        <div panel-name="group-Suite" class="panel">
          <div class="main-panel-header rounded-window-top">
            <span class="header-content">Groups for Suite</span>
          </div> <!-- main-panel-header rounded-window-top -->
          <div class="main-panel-content rounded-window-bottom">
          </div> <!-- main-panel-content rounded-window-bottom -->
        </div> <!-- panel -->
        <div panel-name="times-Suite" class="panel">
          <div class="main-panel-header rounded-window-top">
            <span class="header-content">Times for Suite</span>
          </div> <!-- main-panel-header rounded-window-top -->
          <div class="main-panel-content rounded-window-bottom">
            <div class="times-div">
              <script type="text/javascript">
suiteTableInitFunctions.push('tableData_Suite');
function tableData_Suite() {
var data = new google.visualization.DataTable();
data.addColumn('number', 'Number');
data.addColumn('string', 'Method');
data.addColumn('string', 'Class');
data.addColumn('number', 'Time (ms)');
data.addRows(9);
data.setCell(0, 0, 0)
data.setCell(0, 1, 'addToCart')
data.setCell(0, 2, 'tests.CheckoutTC3')
data.setCell(0, 3, 0);
data.setCell(1, 0, 1)
data.setCell(1, 1, 'Login')
data.setCell(1, 2, 'tests.ChekoutTC2')
data.setCell(1, 3, 0);
data.setCell(2, 0, 2)
data.setCell(2, 1, 'Checkout')
data.setCell(2, 2, 'tests.ChekoutTC2')
data.setCell(2, 3, 0);
data.setCell(3, 0, 3)
data.setCell(3, 1, 'addToCart')
data.setCell(3, 2, 'tests.ChekoutTC2')
data.setCell(3, 3, 0);
data.setCell(4, 0, 4)
data.setCell(4, 1, 'Checkout')
data.setCell(4, 2, 'tests.CheckOutTC1')
data.setCell(4, 3, 0);
data.setCell(5, 0, 5)
data.setCell(5, 1, 'Checkout')
data.setCell(5, 2, 'tests.CheckoutTC3')
data.setCell(5, 3, 0);
data.setCell(6, 0, 6)
data.setCell(6, 1, 'Login')
data.setCell(6, 2, 'tests.CheckOutTC1')
data.setCell(6, 3, 0);
data.setCell(7, 0, 7)
data.setCell(7, 1, 'addToCart')
data.setCell(7, 2, 'tests.CheckOutTC1')
data.setCell(7, 3, 0);
data.setCell(8, 0, 8)
data.setCell(8, 1, 'Login')
data.setCell(8, 2, 'tests.CheckoutTC3')
data.setCell(8, 3, 0);
window.suiteTableData['Suite']= { tableData: data, tableDiv: 'times-div-Suite'}
return data;
}
              </script>
              <span class="suite-total-time">Total running time: 0 ms</span>
              <div id="times-div-Suite">
              </div> <!-- times-div-Suite -->
            </div> <!-- times-div -->
          </div> <!-- main-panel-content rounded-window-bottom -->
        </div> <!-- panel -->
        <div panel-name="reporter-Suite" class="panel">
          <div class="main-panel-header rounded-window-top">
            <span class="header-content">Reporter output for Suite</span>
          </div> <!-- main-panel-header rounded-window-top -->
          <div class="main-panel-content rounded-window-bottom">
          </div> <!-- main-panel-content rounded-window-bottom -->
        </div> <!-- panel -->
        <div panel-name="ignored-methods-Suite" class="panel">
          <div class="main-panel-header rounded-window-top">
            <span class="header-content">4 ignored methods</span>
          </div> <!-- main-panel-header rounded-window-top -->
          <div class="main-panel-content rounded-window-bottom">
            <div class="ignored-class-div">
              <span class="ignored-class-name">tests.CheckoutTC3</span>
              <div class="ignored-methods-div">
                <span class="ignored-method-name">teardown</span>
                <br/>
                <span class="ignored-method-name">StartDriver</span>
                <br/>
              </div> <!-- ignored-methods-div -->
            </div> <!-- ignored-class-div -->
            <div class="ignored-class-div">
              <span class="ignored-class-name">tests.ChekoutTC2</span>
              <div class="ignored-methods-div">
                <span class="ignored-method-name">teardown</span>
                <br/>
                <span class="ignored-method-name">StartDriver</span>
                <br/>
              </div> <!-- ignored-methods-div -->
            </div> <!-- ignored-class-div -->
          </div> <!-- main-panel-content rounded-window-bottom -->
        </div> <!-- panel -->
        <div panel-name="chronological-Suite" class="panel">
          <div class="main-panel-header rounded-window-top">
            <span class="header-content">Methods in chronological order</span>
          </div> <!-- main-panel-header rounded-window-top -->
          <div class="main-panel-content rounded-window-bottom">
            <div class="chronological-class">
              <div class="chronological-class-name">tests.CheckOutTC1</div> <!-- chronological-class-name -->
              <div class="test-method">
                <span class="method-name">Login</span>
                <span class="method-start">0 ms</span>
              </div> <!-- test-method -->
            </div> <!-- chronological-class -->
            <div class="chronological-class">
              <div class="chronological-class-name">tests.ChekoutTC2</div> <!-- chronological-class-name -->
              <div class="test-method">
                <span class="method-name">Login</span>
                <span class="method-start">0 ms</span>
              </div> <!-- test-method -->
            </div> <!-- chronological-class -->
            <div class="chronological-class">
              <div class="chronological-class-name">tests.CheckoutTC3</div> <!-- chronological-class-name -->
              <div class="test-method">
                <span class="method-name">Login</span>
                <span class="method-start">0 ms</span>
              </div> <!-- test-method -->
            </div> <!-- chronological-class -->
            <div class="chronological-class">
              <div class="chronological-class-name">tests.CheckOutTC1</div> <!-- chronological-class-name -->
              <div class="test-method">
                <span class="method-name">addToCart</span>
                <span class="method-start">0 ms</span>
              </div> <!-- test-method -->
            </div> <!-- chronological-class -->
            <div class="chronological-class">
              <div class="chronological-class-name">tests.ChekoutTC2</div> <!-- chronological-class-name -->
              <div class="test-method">
                <span class="method-name">addToCart</span>
                <span class="method-start">0 ms</span>
              </div> <!-- test-method -->
            </div> <!-- chronological-class -->
            <div class="chronological-class">
              <div class="chronological-class-name">tests.CheckoutTC3</div> <!-- chronological-class-name -->
              <div class="test-method">
                <span class="method-name">addToCart</span>
                <span class="method-start">0 ms</span>
              </div> <!-- test-method -->
            </div> <!-- chronological-class -->
            <div class="chronological-class">
              <div class="chronological-class-name">tests.CheckOutTC1</div> <!-- chronological-class-name -->
              <div class="test-method">
                <span class="method-name">Checkout</span>
                <span class="method-start">0 ms</span>
              </div> <!-- test-method -->
            </div> <!-- chronological-class -->
            <div class="chronological-class">
              <div class="chronological-class-name">tests.ChekoutTC2</div> <!-- chronological-class-name -->
              <div class="test-method">
                <span class="method-name">Checkout</span>
                <span class="method-start">0 ms</span>
              </div> <!-- test-method -->
            </div> <!-- chronological-class -->
            <div class="chronological-class">
              <div class="chronological-class-name">tests.CheckoutTC3</div> <!-- chronological-class-name -->
              <div class="test-method">
                <span class="method-name">Checkout</span>
                <span class="method-start">0 ms</span>
              </div> <!-- test-method -->
            </div> <!-- chronological-class -->
            <div class="chronological-class">
              <div class="chronological-class-name">tests.CheckOutTC1</div> <!-- chronological-class-name -->
              <div class="configuration-suite before">
                <img src="failed.png">
                </img>
                <span class="method-name">StartDriver</span>
                <span class="method-start">0 ms</span>
              </div> <!-- configuration-suite before -->
          </div> <!-- main-panel-content rounded-window-bottom -->
        </div> <!-- panel -->
      </div> <!-- main-panel-root -->
    </div> <!-- wrapper -->
  </body>
</html>
