<?xml version="1.0" encoding="UTF-8"?>
<!-- Generated by org.testng.reporters.JUnitReportReporter -->
<testsuite hostname="DESKTOP-RQA8NQN" failures="0" tests="4" name="tests.CheckOutTC1" time="35.299" errors="1" timestamp="22 May 2023 18:53:20 GMT" skipped="3">
  <testcase classname="tests.CheckOutTC1" name="StartDriver" time="35.299">
    <error message="disconnected: received Inspector.detached event
  (failed to check if window was closed: disconnected: not connected to DevTools)
  (Session info: chrome=113.0.5672.127)
Build info: version: &#039;3.141.59&#039;, revision: &#039;e82be7d358&#039;, time: &#039;2018-11-14T08:17:03&#039;
System info: host: &#039;DESKTOP-RQA8NQN&#039;, ip: &#039;169.254.200.206&#039;, os.name: &#039;Windows 10&#039;, os.arch: &#039;amd64&#039;, os.version: &#039;10.0&#039;, java.version: &#039;17.0.1&#039;
Driver info: driver.version: ChromeDriver
remote stacktrace: Backtrace:
	GetHandleVerifier [0x008E8893+48451]
	(No symbol) [0x0087B8A1]
	(No symbol) [0x00785058]
	(No symbol) [0x0077924D]
	(No symbol) [0x00778DDD]
	(No symbol) [0x00778175]
	(No symbol) [0x0077810C]
	(No symbol) [0x00776D46]
	(No symbol) [0x007774A8]
	(No symbol) [0x007764C5]
	(No symbol) [0x00780E16]
	(No symbol) [0x007762F5]
	(No symbol) [0x00777E2A]
	(No symbol) [0x00776D46]
	(No symbol) [0x007774A8]
	(No symbol) [0x007764C5]
	(No symbol) [0x0077E676]
	(No symbol) [0x007762F5]
	(No symbol) [0x00777E2A]
	(No symbol) [0x00776D46]
	(No symbol) [0x007774A8]
	(No symbol) [0x007764C5]
	(No symbol) [0x0077C77B]
	(No symbol) [0x007762F5]
	(No symbol) [0x00777E2A]
	(No symbol) [0x00776D46]
	(No symbol) [0x007774A8]
	(No symbol) [0x007764C5]
	(No symbol) [0x00770BEF]
	(No symbol) [0x007762F5]
	(No symbol) [0x00775C9D]
	(No symbol) [0x0077597C]
	(No symbol) [0x007863F3]
	(No symbol) [0x0076C823]
	(No symbol) [0x0076BF15]
	(No symbol) [0x007D0853]
	(No symbol) [0x007D047C]
	(No symbol) [0x007CA0B6]
	(No symbol) [0x007A7E08]
	(No symbol) [0x007A8F2D]
	GetHandleVerifier [0x00B48E3A+2540266]
	GetHandleVerifier [0x00B88959+2801161]
	GetHandleVerifier [0x00B8295C+2776588]
	GetHandleVerifier [0x00972280+612144]
	(No symbol) [0x00884F6C]
	(No symbol) [0x008811D8]
	(No symbol) [0x008812BB]
	(No symbol) [0x00874857]
	BaseThreadInitThunk [0x76E26BA9+25]
	RtlGetFullPathName_UEx [0x77288F9F+1215]
	RtlGetFullPathName_UEx [0x77288F6D+1165]
" type="org.openqa.selenium.WebDriverException">
      <![CDATA[org.openqa.selenium.WebDriverException: disconnected: received Inspector.detached event
  (failed to check if window was closed: disconnected: not connected to DevTools)
  (Session info: chrome=113.0.5672.127)
Build info: version: '3.141.59', revision: 'e82be7d358', time: '2018-11-14T08:17:03'
System info: host: 'DESKTOP-RQA8NQN', ip: '169.254.200.206', os.name: 'Windows 10', os.arch: 'amd64', os.version: '10.0', java.version: '17.0.1'
Driver info: driver.version: ChromeDriver
remote stacktrace: Backtrace:
GetHandleVerifier [0x008E8893+48451]
(No symbol) [0x0087B8A1]
(No symbol) [0x00785058]
(No symbol) [0x0077924D]
(No symbol) [0x00778DDD]
(No symbol) [0x00778175]
(No symbol) [0x0077810C]
(No symbol) [0x00776D46]
(No symbol) [0x007774A8]
(No symbol) [0x007764C5]
(No symbol) [0x00780E16]
(No symbol) [0x007762F5]
(No symbol) [0x00777E2A]
(No symbol) [0x00776D46]
(No symbol) [0x007774A8]
(No symbol) [0x007764C5]
(No symbol) [0x0077E676]
(No symbol) [0x007762F5]
(No symbol) [0x00777E2A]
(No symbol) [0x00776D46]
(No symbol) [0x007774A8]
(No symbol) [0x007764C5]
(No symbol) [0x0077C77B]
(No symbol) [0x007762F5]
(No symbol) [0x00777E2A]
(No symbol) [0x00776D46]
(No symbol) [0x007774A8]
(No symbol) [0x007764C5]
(No symbol) [0x00770BEF]
(No symbol) [0x007762F5]
(No symbol) [0x00775C9D]
(No symbol) [0x0077597C]
(No symbol) [0x007863F3]
(No symbol) [0x0076C823]
(No symbol) [0x0076BF15]
(No symbol) [0x007D0853]
(No symbol) [0x007D047C]
(No symbol) [0x007CA0B6]
(No symbol) [0x007A7E08]
(No symbol) [0x007A8F2D]
GetHandleVerifier [0x00B48E3A+2540266]
GetHandleVerifier [0x00B88959+2801161]
GetHandleVerifier [0x00B8295C+2776588]
GetHandleVerifier [0x00972280+612144]
(No symbol) [0x00884F6C]
(No symbol) [0x008811D8]
(No symbol) [0x008812BB]
(No symbol) [0x00874857]
BaseThreadInitThunk [0x76E26BA9+25]
RtlGetFullPathName_UEx [0x77288F9F+1215]
RtlGetFullPathName_UEx [0x77288F6D+1165]

at java.base/jdk.internal.reflect.NativeConstructorAccessorImpl.newInstance0(Native Method)
at java.base/jdk.internal.reflect.NativeConstructorAccessorImpl.newInstance(NativeConstructorAccessorImpl.java:77)
at java.base/jdk.internal.reflect.DelegatingConstructorAccessorImpl.newInstance(DelegatingConstructorAccessorImpl.java:45)
at java.base/java.lang.reflect.Constructor.newInstanceWithCaller(Constructor.java:499)
at java.base/java.lang.reflect.Constructor.newInstance(Constructor.java:480)
at org.openqa.selenium.remote.W3CHandshakeResponse.lambda$errorHandler$0(W3CHandshakeResponse.java:62)
at org.openqa.selenium.remote.HandshakeResponse.lambda$getResponseFunction$0(HandshakeResponse.java:30)
at org.openqa.selenium.remote.ProtocolHandshake.lambda$createSession$0(ProtocolHandshake.java:126)
at java.base/java.util.stream.ReferencePipeline$3$1.accept(ReferencePipeline.java:197)
at java.base/java.util.Spliterators$ArraySpliterator.tryAdvance(Spliterators.java:1002)
at java.base/java.util.stream.ReferencePipeline.forEachWithCancel(ReferencePipeline.java:129)
at java.base/java.util.stream.AbstractPipeline.copyIntoWithCancel(AbstractPipeline.java:527)
at java.base/java.util.stream.AbstractPipeline.copyInto(AbstractPipeline.java:513)
at java.base/java.util.stream.AbstractPipeline.wrapAndCopyInto(AbstractPipeline.java:499)
at java.base/java.util.stream.FindOps$FindOp.evaluateSequential(FindOps.java:150)
at java.base/java.util.stream.AbstractPipeline.evaluate(AbstractPipeline.java:234)
at java.base/java.util.stream.ReferencePipeline.findFirst(ReferencePipeline.java:647)
at org.openqa.selenium.remote.ProtocolHandshake.createSession(ProtocolHandshake.java:128)
at org.openqa.selenium.remote.ProtocolHandshake.createSession(ProtocolHandshake.java:74)
at org.openqa.selenium.remote.HttpCommandExecutor.execute(HttpCommandExecutor.java:136)
at org.openqa.selenium.remote.service.DriverCommandExecutor.execute(DriverCommandExecutor.java:83)
at org.openqa.selenium.remote.RemoteWebDriver.execute(RemoteWebDriver.java:552)
at org.openqa.selenium.remote.RemoteWebDriver.startSession(RemoteWebDriver.java:213)
at org.openqa.selenium.remote.RemoteWebDriver.<init>(RemoteWebDriver.java:131)
at org.openqa.selenium.chrome.ChromeDriver.<init>(ChromeDriver.java:181)
at org.openqa.selenium.chrome.ChromeDriver.<init>(ChromeDriver.java:168)
at org.openqa.selenium.chrome.ChromeDriver.<init>(ChromeDriver.java:123)
at tests.TestBase.StartDriver(TestBase.java:23)
at java.base/jdk.internal.reflect.NativeMethodAccessorImpl.invoke0(Native Method)
at java.base/jdk.internal.reflect.NativeMethodAccessorImpl.invoke(NativeMethodAccessorImpl.java:77)
at java.base/jdk.internal.reflect.DelegatingMethodAccessorImpl.invoke(DelegatingMethodAccessorImpl.java:43)
at java.base/java.lang.reflect.Method.invoke(Method.java:568)
at org.testng.internal.MethodInvocationHelper.invokeMethod(MethodInvocationHelper.java:124)
at org.testng.internal.MethodInvocationHelper.invokeMethodConsideringTimeout(MethodInvocationHelper.java:59)
at org.testng.internal.Invoker.invokeConfigurationMethod(Invoker.java:458)
at org.testng.internal.Invoker.invokeConfigurations(Invoker.java:222)
at org.testng.internal.Invoker.invokeConfigurations(Invoker.java:142)
at org.testng.SuiteRunner.privateRun(SuiteRunner.java:401)
at org.testng.SuiteRunner.run(SuiteRunner.java:364)
at org.testng.SuiteRunnerWorker.runSuite(SuiteRunnerWorker.java:52)
at org.testng.SuiteRunnerWorker.run(SuiteRunnerWorker.java:84)
at org.testng.TestNG.runSuitesSequentially(TestNG.java:1208)
at org.testng.TestNG.runSuitesLocally(TestNG.java:1137)
at org.testng.TestNG.runSuites(TestNG.java:1049)
at org.testng.TestNG.run(TestNG.java:1017)
at org.testng.remote.AbstractRemoteTestNG.run(AbstractRemoteTestNG.java:115)
at org.testng.remote.RemoteTestNG.initAndRun(RemoteTestNG.java:251)
at org.testng.remote.RemoteTestNG.main(RemoteTestNG.java:77)
]]>
    </error>
  </testcase> <!-- StartDriver -->
  <testcase classname="tests.CheckOutTC1" name="Login" time="0.000">
    <skipped/>
  </testcase> <!-- Login -->
  <testcase classname="tests.CheckOutTC1" name="addToCart" time="0.000">
    <skipped/>
  </testcase> <!-- addToCart -->
  <testcase classname="tests.CheckOutTC1" name="Checkout" time="0.000">
    <skipped/>
  </testcase> <!-- Checkout -->
</testsuite> <!-- tests.CheckOutTC1 -->
