<?xml version="1.0" encoding="UTF-8"?>
<!-- Generated by org.testng.reporters.JUnitXMLReporter -->
<testsuite ignored="4" hostname="DESKTOP-RQA8NQN" failures="0" tests="9" name="Test" time="0.069" errors="0" timestamp="22 May 2023 18:53:20 GMT">
  <testcase classname="tests.TestBase" name="@BeforeSuite StartDriver" time="35.299">
    <failure type="org.openqa.selenium.WebDriverException" message="disconnected: received Inspector.detached event
  (failed to check if window was closed: disconnected: not connected to DevTools)
  (Session info: chrome=113.0.5672.127)
Build info: version: &amp;apos;3.141.59&amp;apos;, revision: &amp;apos;e82be7d358&amp;apos;, time: &amp;apos;2018-11-14T08:17:03&amp;apos;
System info: host: &amp;apos;DESKTOP-RQA8NQN&amp;apos;, ip: &amp;apos;169.254.200.206&amp;apos;, os.name: &amp;apos;Windows 10&amp;apos;, os.arch: &amp;apos;amd64&amp;apos;, os.version: &amp;apos;10.0&amp;apos;, java.version: &amp;apos;17.0.1&amp;apos;
Driver info: driver.version: ChromeDriver
remote stacktrace: Backtrace:
	GetHandleVerifier [0x008E8893+48451]
	(No symbol) [0x0087B8A1]
	(No symbol) [0x00785058]
	(No symbol) [0x0077924D]
	(No symbol) [0x00778DDD]
	(No symbol) [0x00778175]
	(No symbol) [0x0077810C]
	(No symbol) [0x00776D46]
	(No symbol) [0x007774A8]
	(No symbol) [0x007764C5]
	(No symbol) [0x00780E16]
	(No symbol) [0x007762F5]
	(No symbol) [0x00777E2A]
	(No symbol) [0x00776D46]
	(No symbol) [0x007774A8]
	(No symbol) [0x007764C5]
	(No symbol) [0x0077E676]
	(No symbol) [0x007762F5]
	(No symbol) [0x00777E2A]
	(No symbol) [0x00776D46]
	(No symbol) [0x007774A8]
	(No symbol) [0x007764C5]
	(No symbol) [0x0077C77B]
	(No symbol) [0x007762F5]
	(No symbol) [0x00777E2A]
	(No symbol) [0x00776D46]
	(No symbol) [0x007774A8]
	(No symbol) [0x007764C5]
	(No symbol) [0x00770BEF]
	(No symbol) [0x007762F5]
	(No symbol) [0x00775C9D]
	(No symbol) [0x0077597C]
	(No symbol) [0x007863F3]
	(No symbol) [0x0076C823]
	(No symbol) [0x0076BF15]
	(No symbol) [0x007D0853]
	(No symbol) [0x007D047C]
	(No symbol) [0x007CA0B6]
	(No symbol) [0x007A7E08]
	(No symbol) [0x007A8F2D]
	GetHandleVerifier [0x00B48E3A+2540266]
	GetHandleVerifier [0x00B88959+2801161]
	GetHandleVerifier [0x00B8295C+2776588]
	GetHandleVerifier [0x00972280+612144]
	(No symbol) [0x00884F6C]
	(No symbol) [0x008811D8]
	(No symbol) [0x008812BB]
	(No symbol) [0x00874857]
	BaseThreadInitThunk [0x76E26BA9+25]
	RtlGetFullPathName_UEx [0x77288F9F+1215]
	RtlGetFullPathName_UEx [0x77288F6D+1165]
">
      <![CDATA[org.openqa.selenium.WebDriverException: disconnected: received Inspector.detached event
  (failed to check if window was closed: disconnected: not connected to DevTools)
  (Session info: chrome=113.0.5672.127)
Build info: version: '3.141.59', revision: 'e82be7d358', time: '2018-11-14T08:17:03'
System info: host: 'DESKTOP-RQA8NQN', ip: '169.254.200.206', os.name: 'Windows 10', os.arch: 'amd64', os.version: '10.0', java.version: '17.0.1'
Driver info: driver.version: ChromeDriver
remote stacktrace: Backtrace:
GetHandleVerifier [0x008E8893+48451]
(No symbol) [0x0087B8A1]
(No symbol) [0x00785058]
(No symbol) [0x0077924D]
(No symbol) [0x00778DDD]
(No symbol) [0x00778175]
(No symbol) [0x0077810C]
(No symbol) [0x00776D46]
(No symbol) [0x007774A8]
(No symbol) [0x007764C5]
(No symbol) [0x00780E16]
(No symbol) [0x007762F5]
(No symbol) [0x00777E2A]
(No symbol) [0x00776D46]
(No symbol) [0x007774A8]
(No symbol) [0x007764C5]
(No symbol) [0x0077E676]
(No symbol) [0x007762F5]
(No symbol) [0x00777E2A]
(No symbol) [0x00776D46]
(No symbol) [0x007774A8]
(No symbol) [0x007764C5]
(No symbol) [0x0077C77B]
(No symbol) [0x007762F5]
(No symbol) [0x00777E2A]
(No symbol) [0x00776D46]
(No symbol) [0x007774A8]
(No symbol) [0x007764C5]
(No symbol) [0x00770BEF]
(No symbol) [0x007762F5]
(No symbol) [0x00775C9D]
(No symbol) [0x0077597C]
(No symbol) [0x007863F3]
(No symbol) [0x0076C823]
(No symbol) [0x0076BF15]
(No symbol) [0x007D0853]
(No symbol) [0x007D047C]
(No symbol) [0x007CA0B6]
(No symbol) [0x007A7E08]
(No symbol) [0x007A8F2D]
GetHandleVerifier [0x00B48E3A+2540266]
GetHandleVerifier [0x00B88959+2801161]
GetHandleVerifier [0x00B8295C+2776588]
GetHandleVerifier [0x00972280+612144]
(No symbol) [0x00884F6C]
(No symbol) [0x008811D8]
(No symbol) [0x008812BB]
(No symbol) [0x00874857]
BaseThreadInitThunk [0x76E26BA9+25]
RtlGetFullPathName_UEx [0x77288F9F+1215]
RtlGetFullPathName_UEx [0x77288F6D+1165]

at org.openqa.selenium.remote.W3CHandshakeResponse.lambda$errorHandler$0(W3CHandshakeResponse.java:62)
at org.openqa.selenium.remote.HandshakeResponse.lambda$getResponseFunction$0(HandshakeResponse.java:30)
at org.openqa.selenium.remote.ProtocolHandshake.lambda$createSession$0(ProtocolHandshake.java:126)
at java.base/java.util.stream.ReferencePipeline$3$1.accept(ReferencePipeline.java:197)
at java.base/java.util.Spliterators$ArraySpliterator.tryAdvance(Spliterators.java:1002)
at java.base/java.util.stream.ReferencePipeline.forEachWithCancel(ReferencePipeline.java:129)
at java.base/java.util.stream.AbstractPipeline.copyIntoWithCancel(AbstractPipeline.java:527)
at java.base/java.util.stream.AbstractPipeline.copyInto(AbstractPipeline.java:513)
at java.base/java.util.stream.AbstractPipeline.wrapAndCopyInto(AbstractPipeline.java:499)
at java.base/java.util.stream.FindOps$FindOp.evaluateSequential(FindOps.java:150)
at java.base/java.util.stream.AbstractPipeline.evaluate(AbstractPipeline.java:234)
at java.base/java.util.stream.ReferencePipeline.findFirst(ReferencePipeline.java:647)
at org.openqa.selenium.remote.ProtocolHandshake.createSession(ProtocolHandshake.java:128)
at org.openqa.selenium.remote.ProtocolHandshake.createSession(ProtocolHandshake.java:74)
at org.openqa.selenium.remote.HttpCommandExecutor.execute(HttpCommandExecutor.java:136)
at org.openqa.selenium.remote.service.DriverCommandExecutor.execute(DriverCommandExecutor.java:83)
at org.openqa.selenium.remote.RemoteWebDriver.execute(RemoteWebDriver.java:552)
at org.openqa.selenium.remote.RemoteWebDriver.startSession(RemoteWebDriver.java:213)
at org.openqa.selenium.remote.RemoteWebDriver.<init>(RemoteWebDriver.java:131)
at org.openqa.selenium.chrome.ChromeDriver.<init>(ChromeDriver.java:181)
at org.openqa.selenium.chrome.ChromeDriver.<init>(ChromeDriver.java:168)
at org.openqa.selenium.chrome.ChromeDriver.<init>(ChromeDriver.java:123)
at tests.TestBase.StartDriver(TestBase.java:23)
... Removed 25 stack frames]]>
    </failure>
  </testcase> <!-- @BeforeSuite StartDriver -->
  <testcase classname="tests.CheckOutTC1" name="Login" time="0.0">
    <skipped/>
  </testcase> <!-- Login -->
  <testcase classname="tests.ChekoutTC2" name="Login" time="0.0">
    <skipped/>
  </testcase> <!-- Login -->
  <testcase classname="tests.CheckoutTC3" name="Login" time="0.0">
    <skipped/>
  </testcase> <!-- Login -->
  <testcase classname="tests.CheckOutTC1" name="addToCart" time="0.0">
    <skipped/>
  </testcase> <!-- addToCart -->
  <testcase classname="tests.ChekoutTC2" name="addToCart" time="0.0">
    <skipped/>
  </testcase> <!-- addToCart -->
  <testcase classname="tests.CheckoutTC3" name="addToCart" time="0.0">
    <skipped/>
  </testcase> <!-- addToCart -->
  <testcase classname="tests.CheckOutTC1" name="Checkout" time="0.0">
    <skipped/>
  </testcase> <!-- Checkout -->
  <testcase classname="tests.ChekoutTC2" name="Checkout" time="0.0">
    <skipped/>
  </testcase> <!-- Checkout -->
  <testcase classname="tests.CheckoutTC3" name="Checkout" time="0.0">
    <skipped/>
  </testcase> <!-- Checkout -->
  <testcase classname="tests.TestBase" name="@AfterSuite teardown" time="0.0">
    <ignored/>
  </testcase> <!-- @AfterSuite teardown -->
  <testcase classname="tests.TestBase" name="@AfterSuite teardown" time="0.0">
    <ignored/>
  </testcase> <!-- @AfterSuite teardown -->
  <testcase classname="tests.TestBase" name="@BeforeSuite StartDriver" time="0.0">
    <ignored/>
  </testcase> <!-- @BeforeSuite StartDriver -->
  <testcase classname="tests.TestBase" name="@BeforeSuite StartDriver" time="0.0">
    <ignored/>
  </testcase> <!-- @BeforeSuite StartDriver -->
</testsuite> <!-- Test -->
